#
# There is insufficient memory for the Java Runtime Environment to continue.
# Native memory allocation (malloc) failed to allocate 666352 bytes. Error detail: Chunk::new
# Possible reasons:
#   The system is out of physical RAM or swap space
#   This process is running with CompressedOops enabled, and the Java Heap may be blocking the growth of the native heap
# Possible solutions:
#   Reduce memory load on the system
#   Increase physical memory or swap space
#   Check if swap backing store is full
#   Decrease Java heap size (-Xmx/-Xms)
#   Decrease number of Java threads
#   Decrease Java thread stack sizes (-Xss)
#   Set larger code cache with -XX:ReservedCodeCacheSize=
#   JVM is running with Unscaled Compressed Oops mode in which the Java heap is
#     placed in the first 4GB address space. The Java Heap base address is the
#     maximum limit for the native heap growth. Please use -XX:HeapBaseMinAddress
#     to set the Java Heap base and to place the Java Heap above 4GB virtual address.
# This output file may be truncated or incomplete.
#
#  Out of Memory Error (arena.cpp:150), pid=5696, tid=9644
#
# JRE version: Java(TM) SE Runtime Environment (22.0+36) (build 22+36-2370)
# Java VM: Java HotSpot(TM) 64-Bit Server VM (22+36-2370, mixed mode, sharing, tiered, compressed oops, compressed class ptrs, g1 gc, windows-amd64)
# No core dump will be written. Minidumps are not enabled by default on client versions of Windows
#

---------------  S U M M A R Y ------------

Command Line: -Dfile.encoding=UTF-8 -Dstdout.encoding=UTF-8 -Dstderr.encoding=UTF-8 -XX:+ShowCodeDetailsInExceptionMessages br.com.literalura.principal.LiteraluraApplication

Host: Intel(R) Core(TM) i5-4590S CPU @ 3.00GHz, 4 cores, 7G,  Windows 10 , 64 bit Build 18362 (10.0.18362.329)
Time: Tue Jul  9 16:03:28 2024 Hora Padrão de Caracas elapsed time: 0.990288 seconds (0d 0h 0m 0s)

---------------  T H R E A D  ---------------

Current thread (0x0000019af7640ae0):  JavaThread "C2 CompilerThread0" daemon [_thread_in_native, id=9644, stack(0x0000001440c00000,0x0000001440d00000) (1024K)]


Current CompileTask:
C2:990 1573       4       jdk.internal.loader.URLClassPath::getResource (74 bytes)

Stack: [0x0000001440c00000,0x0000001440d00000]
Native frames: (J=compiled Java code, j=interpreted, Vv=VM code, C=native code)
V  [jvm.dll+0x6e2349]  (no source info available)
V  [jvm.dll+0x874ed3]  (no source info available)
V  [jvm.dll+0x8772fe]  (no source info available)
V  [jvm.dll+0x8779d3]  (no source info available)
V  [jvm.dll+0x27fcb6]  (no source info available)
V  [jvm.dll+0xc3d0f]  (no source info available)
V  [jvm.dll+0xc3f6b]  (no source info available)
V  [jvm.dll+0x3bb05c]  (no source info available)
V  [jvm.dll+0x1df66c]  (no source info available)
V  [jvm.dll+0x247a4c]  (no source info available)
V  [jvm.dll+0x246faf]  (no source info available)
V  [jvm.dll+0x1c4e90]  (no source info available)
V  [jvm.dll+0x25699e]  (no source info available)
V  [jvm.dll+0x254c5a]  (no source info available)
V  [jvm.dll+0x3f5426]  (no source info available)
V  [jvm.dll+0x81d50b]  (no source info available)
V  [jvm.dll+0x6e09e5]  (no source info available)
C  [ucrtbase.dll+0x20e72]  (no source info available)
C  [KERNEL32.DLL+0x17bd4]  (no source info available)
C  [ntdll.dll+0x6ced1]  (no source info available)


---------------  P R O C E S S  ---------------

Threads class SMR info:
_java_thread_list=0x0000019ac5f63af0, length=13, elements={
0x0000019ad95a4b20, 0x0000019af7626db0, 0x0000019af7635130, 0x0000019af763de30,
0x0000019af763e890, 0x0000019af763f2f0, 0x0000019af763fd50, 0x0000019af7640ae0,
0x0000019ac513a0f0, 0x0000019ac521d7a0, 0x0000019ac522ae10, 0x0000019ac52d5c20,
0x0000019ac60cd960
}

Java Threads: ( => current thread )
  0x0000019ad95a4b20 JavaThread "main"                              [_thread_in_vm, id=7004, stack(0x000000143fe00000,0x000000143ff00000) (1024K)]
  0x0000019af7626db0 JavaThread "Reference Handler"          daemon [_thread_blocked, id=7436, stack(0x0000001440600000,0x0000001440700000) (1024K)]
  0x0000019af7635130 JavaThread "Finalizer"                  daemon [_thread_blocked, id=7368, stack(0x0000001440700000,0x0000001440800000) (1024K)]
  0x0000019af763de30 JavaThread "Signal Dispatcher"          daemon [_thread_blocked, id=3064, stack(0x0000001440800000,0x0000001440900000) (1024K)]
  0x0000019af763e890 JavaThread "Attach Listener"            daemon [_thread_blocked, id=2416, stack(0x0000001440900000,0x0000001440a00000) (1024K)]
  0x0000019af763f2f0 JavaThread "Service Thread"             daemon [_thread_blocked, id=7064, stack(0x0000001440a00000,0x0000001440b00000) (1024K)]
  0x0000019af763fd50 JavaThread "Monitor Deflation Thread"   daemon [_thread_blocked, id=2924, stack(0x0000001440b00000,0x0000001440c00000) (1024K)]
=>0x0000019af7640ae0 JavaThread "C2 CompilerThread0"         daemon [_thread_in_native, id=9644, stack(0x0000001440c00000,0x0000001440d00000) (1024K)]
  0x0000019ac513a0f0 JavaThread "C1 CompilerThread0"         daemon [_thread_in_vm, id=7300, stack(0x0000001440d00000,0x0000001440e00000) (1024K)]
  0x0000019ac521d7a0 JavaThread "Notification Thread"        daemon [_thread_blocked, id=5488, stack(0x0000001440e00000,0x0000001440f00000) (1024K)]
  0x0000019ac522ae10 JavaThread "Common-Cleaner"             daemon [_thread_blocked, id=2692, stack(0x0000001440f00000,0x0000001441000000) (1024K)]
  0x0000019ac52d5c20 JavaThread "C2 CompilerThread1"         daemon [_thread_blocked, id=7852, stack(0x0000001441000000,0x0000001441100000) (1024K)]
  0x0000019ac60cd960 JavaThread "background-preinit"                [_thread_in_vm, id=4328, stack(0x0000001441400000,0x0000001441500000) (1024K)]
Total: 13

Other Threads:
  0x0000019af761df70 VMThread "VM Thread"                           [id=1436, stack(0x0000001440500000,0x0000001440600000) (1024K)]
  0x0000019af76011e0 WatcherThread "VM Periodic Task Thread"        [id=8304, stack(0x0000001440400000,0x0000001440500000) (1024K)]
  0x0000019adb6cab10 WorkerThread "GC Thread#0"                     [id=7708, stack(0x000000143ff00000,0x0000001440000000) (1024K)]
  0x0000019ac5b9a8b0 WorkerThread "GC Thread#1"                     [id=7976, stack(0x0000001441100000,0x0000001441200000) (1024K)]
  0x0000019ac5a48e90 WorkerThread "GC Thread#2"                     [id=9564, stack(0x0000001441200000,0x0000001441300000) (1024K)]
  0x0000019ac59b67c0 WorkerThread "GC Thread#3"                     [id=2056, stack(0x0000001441300000,0x0000001441400000) (1024K)]
  0x0000019adb6db750 ConcurrentGCThread "G1 Main Marker"            [id=1092, stack(0x0000001440000000,0x0000001440100000) (1024K)]
  0x0000019adb6dcb60 WorkerThread "G1 Conc#0"                       [id=4740, stack(0x0000001440100000,0x0000001440200000) (1024K)]
  0x0000019af74c7500 ConcurrentGCThread "G1 Refine#0"               [id=9512, stack(0x0000001440200000,0x0000001440300000) (1024K)]
  0x0000019af74c88e0 ConcurrentGCThread "G1 Service"                [id=5964, stack(0x0000001440300000,0x0000001440400000) (1024K)]
Total: 10

Threads with active compile tasks:
C2 CompilerThread0  1606 1573       4       jdk.internal.loader.URLClassPath::getResource (74 bytes)
C1 CompilerThread0  1606 1697       3       java.util.regex.Pattern$TreeInfo::reset (21 bytes)
Total: 2

VM state: not at safepoint (normal execution)

VM Mutex/Monitor currently owned by a thread:  ([mutex/lock_event])
[0x00007ff8b7d0ab48] Metaspace_lock - owner thread: 0x0000019ac60cd960
[0x00007ff8b7d0b8c8] MultiArray_lock - owner thread: 0x0000019ac60cd960

Heap address: 0x0000000081600000, size: 2026 MB, Compressed Oops mode: 32-bit

CDS archive(s) mapped at: [0x0000019a80000000-0x0000019a80c60000-0x0000019a80c60000), size 12976128, SharedBaseAddress: 0x0000019a80000000, ArchiveRelocationMode: 1.
Compressed class space mapped at: 0x0000019a81000000-0x0000019ac1000000, reserved size: 1073741824
Narrow klass base: 0x0000019a80000000, Narrow klass shift: 0, Narrow klass range: 0x41000000

GC Precious Log:
 CardTable entry size: 512
 Card Set container configuration: InlinePtr #cards 5 size 8 Array Of Cards #cards 12 size 40 Howl #buckets 4 coarsen threshold 1843 Howl Bitmap #cards 512 size 80 coarsen threshold 460 Card regions per heap region 1 cards per card region 2048
 CPUs: 4 total, 4 available
 Memory: 8098M
 Large Page Support: Disabled
 NUMA Support: Disabled
 Compressed Oops: Enabled (32-bit)
 Heap Region Size: 1M
 Heap Min Capacity: 8M
 Heap Initial Capacity: 128M
 Heap Max Capacity: 2026M
 Pre-touch: Disabled
 Parallel Workers: 4
 Concurrent Workers: 1
 Concurrent Refinement Workers: 4
 Periodic GC: Disabled

Heap:
 garbage-first heap   total reserved 2074624K, committed 131072K, used 8965K [0x0000000081600000, 0x0000000100000000)
  region size 1024K, 4 young (4096K), 2 survivors (2048K)
 Metaspace       used 9895K, committed 10112K, reserved 1114112K
  class space    used 1207K, committed 1280K, reserved 1048576K

Heap Regions: E=young(eden), S=young(survivor), O=old, HS=humongous(starts), HC=humongous(continues), CS=collection set, F=free, TAMS=top-at-mark-start, PB=parsable bottom
|   0|0x0000000081600000, 0x0000000081700000, 0x0000000081700000|100%|HS|  |TAMS 0x0000000081600000| PB 0x0000000081600000| Complete |  0
|   1|0x0000000081700000, 0x0000000081800000, 0x0000000081800000|100%| O|  |TAMS 0x0000000081700000| PB 0x0000000081700000| Untracked |  0
|   2|0x0000000081800000, 0x0000000081900000, 0x0000000081900000|100%| O|  |TAMS 0x0000000081800000| PB 0x0000000081800000| Untracked |  0
|   3|0x0000000081900000, 0x0000000081a00000, 0x0000000081a00000|100%| O|  |TAMS 0x0000000081900000| PB 0x0000000081900000| Untracked |  0
|   4|0x0000000081a00000, 0x0000000081b00000, 0x0000000081b00000|100%| O|  |TAMS 0x0000000081a00000| PB 0x0000000081a00000| Untracked |  0
|   5|0x0000000081b00000, 0x0000000081c00000, 0x0000000081c00000|100%| O|  |TAMS 0x0000000081b00000| PB 0x0000000081b00000| Untracked |  0
|   6|0x0000000081c00000, 0x0000000081c1c540, 0x0000000081d00000| 11%| O|  |TAMS 0x0000000081c00000| PB 0x0000000081c00000| Untracked |  0
|   7|0x0000000081d00000, 0x0000000081d00000, 0x0000000081e00000|  0%| F|  |TAMS 0x0000000081d00000| PB 0x0000000081d00000| Untracked |  0
|   8|0x0000000081e00000, 0x0000000081e00000, 0x0000000081f00000|  0%| F|  |TAMS 0x0000000081e00000| PB 0x0000000081e00000| Untracked |  0
|   9|0x0000000081f00000, 0x0000000081f00000, 0x0000000082000000|  0%| F|  |TAMS 0x0000000081f00000| PB 0x0000000081f00000| Untracked |  0
|  10|0x0000000082000000, 0x0000000082000000, 0x0000000082100000|  0%| F|  |TAMS 0x0000000082000000| PB 0x0000000082000000| Untracked |  0
|  11|0x0000000082100000, 0x0000000082100000, 0x0000000082200000|  0%| F|  |TAMS 0x0000000082100000| PB 0x0000000082100000| Untracked |  0
|  12|0x0000000082200000, 0x0000000082200000, 0x0000000082300000|  0%| F|  |TAMS 0x0000000082200000| PB 0x0000000082200000| Untracked |  0
|  13|0x0000000082300000, 0x0000000082300000, 0x0000000082400000|  0%| F|  |TAMS 0x0000000082300000| PB 0x0000000082300000| Untracked |  0
|  14|0x0000000082400000, 0x0000000082400000, 0x0000000082500000|  0%| F|  |TAMS 0x0000000082400000| PB 0x0000000082400000| Untracked |  0
|  15|0x0000000082500000, 0x0000000082500000, 0x0000000082600000|  0%| F|  |TAMS 0x0000000082500000| PB 0x0000000082500000| Untracked |  0
|  16|0x0000000082600000, 0x0000000082600000, 0x0000000082700000|  0%| F|  |TAMS 0x0000000082600000| PB 0x0000000082600000| Untracked |  0
|  17|0x0000000082700000, 0x0000000082700000, 0x0000000082800000|  0%| F|  |TAMS 0x0000000082700000| PB 0x0000000082700000| Untracked |  0
|  18|0x0000000082800000, 0x0000000082800000, 0x0000000082900000|  0%| F|  |TAMS 0x0000000082800000| PB 0x0000000082800000| Untracked |  0
|  19|0x0000000082900000, 0x0000000082900000, 0x0000000082a00000|  0%| F|  |TAMS 0x0000000082900000| PB 0x0000000082900000| Untracked |  0
|  20|0x0000000082a00000, 0x0000000082a00000, 0x0000000082b00000|  0%| F|  |TAMS 0x0000000082a00000| PB 0x0000000082a00000| Untracked |  0
|  21|0x0000000082b00000, 0x0000000082b00000, 0x0000000082c00000|  0%| F|  |TAMS 0x0000000082b00000| PB 0x0000000082b00000| Untracked |  0
|  22|0x0000000082c00000, 0x0000000082c00000, 0x0000000082d00000|  0%| F|  |TAMS 0x0000000082c00000| PB 0x0000000082c00000| Untracked |  0
|  23|0x0000000082d00000, 0x0000000082d00000, 0x0000000082e00000|  0%| F|  |TAMS 0x0000000082d00000| PB 0x0000000082d00000| Untracked |  0
|  24|0x0000000082e00000, 0x0000000082e00000, 0x0000000082f00000|  0%| F|  |TAMS 0x0000000082e00000| PB 0x0000000082e00000| Untracked |  0
|  25|0x0000000082f00000, 0x0000000082f00000, 0x0000000083000000|  0%| F|  |TAMS 0x0000000082f00000| PB 0x0000000082f00000| Untracked |  0
|  26|0x0000000083000000, 0x0000000083000000, 0x0000000083100000|  0%| F|  |TAMS 0x0000000083000000| PB 0x0000000083000000| Untracked |  0
|  27|0x0000000083100000, 0x0000000083100000, 0x0000000083200000|  0%| F|  |TAMS 0x0000000083100000| PB 0x0000000083100000| Untracked |  0
|  28|0x0000000083200000, 0x0000000083200000, 0x0000000083300000|  0%| F|  |TAMS 0x0000000083200000| PB 0x0000000083200000| Untracked |  0
|  29|0x0000000083300000, 0x0000000083300000, 0x0000000083400000|  0%| F|  |TAMS 0x0000000083300000| PB 0x0000000083300000| Untracked |  0
|  30|0x0000000083400000, 0x0000000083400000, 0x0000000083500000|  0%| F|  |TAMS 0x0000000083400000| PB 0x0000000083400000| Untracked |  0
|  31|0x0000000083500000, 0x0000000083500000, 0x0000000083600000|  0%| F|  |TAMS 0x0000000083500000| PB 0x0000000083500000| Untracked |  0
|  32|0x0000000083600000, 0x0000000083600000, 0x0000000083700000|  0%| F|  |TAMS 0x0000000083600000| PB 0x0000000083600000| Untracked |  0
|  33|0x0000000083700000, 0x0000000083700000, 0x0000000083800000|  0%| F|  |TAMS 0x0000000083700000| PB 0x0000000083700000| Untracked |  0
|  34|0x0000000083800000, 0x0000000083800000, 0x0000000083900000|  0%| F|  |TAMS 0x0000000083800000| PB 0x0000000083800000| Untracked |  0
|  35|0x0000000083900000, 0x0000000083900000, 0x0000000083a00000|  0%| F|  |TAMS 0x0000000083900000| PB 0x0000000083900000| Untracked |  0
|  36|0x0000000083a00000, 0x0000000083a00000, 0x0000000083b00000|  0%| F|  |TAMS 0x0000000083a00000| PB 0x0000000083a00000| Untracked |  0
|  37|0x0000000083b00000, 0x0000000083b00000, 0x0000000083c00000|  0%| F|  |TAMS 0x0000000083b00000| PB 0x0000000083b00000| Untracked |  0
|  38|0x0000000083c00000, 0x0000000083c00000, 0x0000000083d00000|  0%| F|  |TAMS 0x0000000083c00000| PB 0x0000000083c00000| Untracked |  0
|  39|0x0000000083d00000, 0x0000000083d00000, 0x0000000083e00000|  0%| F|  |TAMS 0x0000000083d00000| PB 0x0000000083d00000| Untracked |  0
|  40|0x0000000083e00000, 0x0000000083e00000, 0x0000000083f00000|  0%| F|  |TAMS 0x0000000083e00000| PB 0x0000000083e00000| Untracked |  0
|  41|0x0000000083f00000, 0x0000000083f00000, 0x0000000084000000|  0%| F|  |TAMS 0x0000000083f00000| PB 0x0000000083f00000| Untracked |  0
|  42|0x0000000084000000, 0x0000000084000000, 0x0000000084100000|  0%| F|  |TAMS 0x0000000084000000| PB 0x0000000084000000| Untracked |  0
|  43|0x0000000084100000, 0x0000000084100000, 0x0000000084200000|  0%| F|  |TAMS 0x0000000084100000| PB 0x0000000084100000| Untracked |  0
|  44|0x0000000084200000, 0x0000000084200000, 0x0000000084300000|  0%| F|  |TAMS 0x0000000084200000| PB 0x0000000084200000| Untracked |  0
|  45|0x0000000084300000, 0x0000000084300000, 0x0000000084400000|  0%| F|  |TAMS 0x0000000084300000| PB 0x0000000084300000| Untracked |  0
|  46|0x0000000084400000, 0x0000000084400000, 0x0000000084500000|  0%| F|  |TAMS 0x0000000084400000| PB 0x0000000084400000| Untracked |  0
|  47|0x0000000084500000, 0x0000000084500000, 0x0000000084600000|  0%| F|  |TAMS 0x0000000084500000| PB 0x0000000084500000| Untracked |  0
|  48|0x0000000084600000, 0x0000000084600000, 0x0000000084700000|  0%| F|  |TAMS 0x0000000084600000| PB 0x0000000084600000| Untracked |  0
|  49|0x0000000084700000, 0x0000000084700000, 0x0000000084800000|  0%| F|  |TAMS 0x0000000084700000| PB 0x0000000084700000| Untracked |  0
|  50|0x0000000084800000, 0x0000000084800000, 0x0000000084900000|  0%| F|  |TAMS 0x0000000084800000| PB 0x0000000084800000| Untracked |  0
|  51|0x0000000084900000, 0x0000000084900000, 0x0000000084a00000|  0%| F|  |TAMS 0x0000000084900000| PB 0x0000000084900000| Untracked |  0
|  52|0x0000000084a00000, 0x0000000084a00000, 0x0000000084b00000|  0%| F|  |TAMS 0x0000000084a00000| PB 0x0000000084a00000| Untracked |  0
|  53|0x0000000084b00000, 0x0000000084b00000, 0x0000000084c00000|  0%| F|  |TAMS 0x0000000084b00000| PB 0x0000000084b00000| Untracked |  0
|  54|0x0000000084c00000, 0x0000000084c00000, 0x0000000084d00000|  0%| F|  |TAMS 0x0000000084c00000| PB 0x0000000084c00000| Untracked |  0
|  55|0x0000000084d00000, 0x0000000084d00000, 0x0000000084e00000|  0%| F|  |TAMS 0x0000000084d00000| PB 0x0000000084d00000| Untracked |  0
|  56|0x0000000084e00000, 0x0000000084e00000, 0x0000000084f00000|  0%| F|  |TAMS 0x0000000084e00000| PB 0x0000000084e00000| Untracked |  0
|  57|0x0000000084f00000, 0x0000000084f00000, 0x0000000085000000|  0%| F|  |TAMS 0x0000000084f00000| PB 0x0000000084f00000| Untracked |  0
|  58|0x0000000085000000, 0x0000000085000000, 0x0000000085100000|  0%| F|  |TAMS 0x0000000085000000| PB 0x0000000085000000| Untracked |  0
|  59|0x0000000085100000, 0x0000000085100000, 0x0000000085200000|  0%| F|  |TAMS 0x0000000085100000| PB 0x0000000085100000| Untracked |  0
|  60|0x0000000085200000, 0x0000000085200000, 0x0000000085300000|  0%| F|  |TAMS 0x0000000085200000| PB 0x0000000085200000| Untracked |  0
|  61|0x0000000085300000, 0x0000000085300000, 0x0000000085400000|  0%| F|  |TAMS 0x0000000085300000| PB 0x0000000085300000| Untracked |  0
|  62|0x0000000085400000, 0x0000000085400000, 0x0000000085500000|  0%| F|  |TAMS 0x0000000085400000| PB 0x0000000085400000| Untracked |  0
|  63|0x0000000085500000, 0x0000000085500000, 0x0000000085600000|  0%| F|  |TAMS 0x0000000085500000| PB 0x0000000085500000| Untracked |  0
|  64|0x0000000085600000, 0x0000000085600000, 0x0000000085700000|  0%| F|  |TAMS 0x0000000085600000| PB 0x0000000085600000| Untracked |  0
|  65|0x0000000085700000, 0x0000000085700000, 0x0000000085800000|  0%| F|  |TAMS 0x0000000085700000| PB 0x0000000085700000| Untracked |  0
|  66|0x0000000085800000, 0x0000000085800000, 0x0000000085900000|  0%| F|  |TAMS 0x0000000085800000| PB 0x0000000085800000| Untracked |  0
|  67|0x0000000085900000, 0x0000000085900000, 0x0000000085a00000|  0%| F|  |TAMS 0x0000000085900000| PB 0x0000000085900000| Untracked |  0
|  68|0x0000000085a00000, 0x0000000085a00000, 0x0000000085b00000|  0%| F|  |TAMS 0x0000000085a00000| PB 0x0000000085a00000| Untracked |  0
|  69|0x0000000085b00000, 0x0000000085b00000, 0x0000000085c00000|  0%| F|  |TAMS 0x0000000085b00000| PB 0x0000000085b00000| Untracked |  0
|  70|0x0000000085c00000, 0x0000000085c00000, 0x0000000085d00000|  0%| F|  |TAMS 0x0000000085c00000| PB 0x0000000085c00000| Untracked |  0
|  71|0x0000000085d00000, 0x0000000085d00000, 0x0000000085e00000|  0%| F|  |TAMS 0x0000000085d00000| PB 0x0000000085d00000| Untracked |  0
|  72|0x0000000085e00000, 0x0000000085e00000, 0x0000000085f00000|  0%| F|  |TAMS 0x0000000085e00000| PB 0x0000000085e00000| Untracked |  0
|  73|0x0000000085f00000, 0x0000000085f00000, 0x0000000086000000|  0%| F|  |TAMS 0x0000000085f00000| PB 0x0000000085f00000| Untracked |  0
|  74|0x0000000086000000, 0x0000000086000000, 0x0000000086100000|  0%| F|  |TAMS 0x0000000086000000| PB 0x0000000086000000| Untracked |  0
|  75|0x0000000086100000, 0x0000000086100000, 0x0000000086200000|  0%| F|  |TAMS 0x0000000086100000| PB 0x0000000086100000| Untracked |  0
|  76|0x0000000086200000, 0x0000000086200000, 0x0000000086300000|  0%| F|  |TAMS 0x0000000086200000| PB 0x0000000086200000| Untracked |  0
|  77|0x0000000086300000, 0x0000000086300000, 0x0000000086400000|  0%| F|  |TAMS 0x0000000086300000| PB 0x0000000086300000| Untracked |  0
|  78|0x0000000086400000, 0x0000000086400000, 0x0000000086500000|  0%| F|  |TAMS 0x0000000086400000| PB 0x0000000086400000| Untracked |  0
|  79|0x0000000086500000, 0x0000000086500000, 0x0000000086600000|  0%| F|  |TAMS 0x0000000086500000| PB 0x0000000086500000| Untracked |  0
|  80|0x0000000086600000, 0x0000000086600000, 0x0000000086700000|  0%| F|  |TAMS 0x0000000086600000| PB 0x0000000086600000| Untracked |  0
|  81|0x0000000086700000, 0x0000000086700000, 0x0000000086800000|  0%| F|  |TAMS 0x0000000086700000| PB 0x0000000086700000| Untracked |  0
|  82|0x0000000086800000, 0x0000000086800000, 0x0000000086900000|  0%| F|  |TAMS 0x0000000086800000| PB 0x0000000086800000| Untracked |  0
|  83|0x0000000086900000, 0x0000000086900000, 0x0000000086a00000|  0%| F|  |TAMS 0x0000000086900000| PB 0x0000000086900000| Untracked |  0
|  84|0x0000000086a00000, 0x0000000086a00000, 0x0000000086b00000|  0%| F|  |TAMS 0x0000000086a00000| PB 0x0000000086a00000| Untracked |  0
|  85|0x0000000086b00000, 0x0000000086b00000, 0x0000000086c00000|  0%| F|  |TAMS 0x0000000086b00000| PB 0x0000000086b00000| Untracked |  0
|  86|0x0000000086c00000, 0x0000000086c00000, 0x0000000086d00000|  0%| F|  |TAMS 0x0000000086c00000| PB 0x0000000086c00000| Untracked |  0
|  87|0x0000000086d00000, 0x0000000086d00000, 0x0000000086e00000|  0%| F|  |TAMS 0x0000000086d00000| PB 0x0000000086d00000| Untracked |  0
|  88|0x0000000086e00000, 0x0000000086e00000, 0x0000000086f00000|  0%| F|  |TAMS 0x0000000086e00000| PB 0x0000000086e00000| Untracked |  0
|  89|0x0000000086f00000, 0x0000000086f00000, 0x0000000087000000|  0%| F|  |TAMS 0x0000000086f00000| PB 0x0000000086f00000| Untracked |  0
|  90|0x0000000087000000, 0x0000000087000000, 0x0000000087100000|  0%| F|  |TAMS 0x0000000087000000| PB 0x0000000087000000| Untracked |  0
|  91|0x0000000087100000, 0x0000000087100000, 0x0000000087200000|  0%| F|  |TAMS 0x0000000087100000| PB 0x0000000087100000| Untracked |  0
|  92|0x0000000087200000, 0x0000000087200000, 0x0000000087300000|  0%| F|  |TAMS 0x0000000087200000| PB 0x0000000087200000| Untracked |  0
|  93|0x0000000087300000, 0x0000000087300000, 0x0000000087400000|  0%| F|  |TAMS 0x0000000087300000| PB 0x0000000087300000| Untracked |  0
|  94|0x0000000087400000, 0x0000000087400000, 0x0000000087500000|  0%| F|  |TAMS 0x0000000087400000| PB 0x0000000087400000| Untracked |  0
|  95|0x0000000087500000, 0x0000000087500000, 0x0000000087600000|  0%| F|  |TAMS 0x0000000087500000| PB 0x0000000087500000| Untracked |  0
|  96|0x0000000087600000, 0x0000000087600000, 0x0000000087700000|  0%| F|  |TAMS 0x0000000087600000| PB 0x0000000087600000| Untracked |  0
|  97|0x0000000087700000, 0x0000000087700000, 0x0000000087800000|  0%| F|  |TAMS 0x0000000087700000| PB 0x0000000087700000| Untracked |  0
|  98|0x0000000087800000, 0x0000000087800000, 0x0000000087900000|  0%| F|  |TAMS 0x0000000087800000| PB 0x0000000087800000| Untracked |  0
|  99|0x0000000087900000, 0x0000000087900000, 0x0000000087a00000|  0%| F|  |TAMS 0x0000000087900000| PB 0x0000000087900000| Untracked |  0
| 100|0x0000000087a00000, 0x0000000087a00000, 0x0000000087b00000|  0%| F|  |TAMS 0x0000000087a00000| PB 0x0000000087a00000| Untracked |  0
| 101|0x0000000087b00000, 0x0000000087b00000, 0x0000000087c00000|  0%| F|  |TAMS 0x0000000087b00000| PB 0x0000000087b00000| Untracked |  0
| 102|0x0000000087c00000, 0x0000000087c00000, 0x0000000087d00000|  0%| F|  |TAMS 0x0000000087c00000| PB 0x0000000087c00000| Untracked |  0
| 103|0x0000000087d00000, 0x0000000087d00000, 0x0000000087e00000|  0%| F|  |TAMS 0x0000000087d00000| PB 0x0000000087d00000| Untracked |  0
| 104|0x0000000087e00000, 0x0000000087e00000, 0x0000000087f00000|  0%| F|  |TAMS 0x0000000087e00000| PB 0x0000000087e00000| Untracked |  0
| 105|0x0000000087f00000, 0x0000000087f00000, 0x0000000088000000|  0%| F|  |TAMS 0x0000000087f00000| PB 0x0000000087f00000| Untracked |  0
| 106|0x0000000088000000, 0x0000000088000000, 0x0000000088100000|  0%| F|  |TAMS 0x0000000088000000| PB 0x0000000088000000| Untracked |  0
| 107|0x0000000088100000, 0x0000000088100000, 0x0000000088200000|  0%| F|  |TAMS 0x0000000088100000| PB 0x0000000088100000| Untracked |  0
| 108|0x0000000088200000, 0x0000000088200000, 0x0000000088300000|  0%| F|  |TAMS 0x0000000088200000| PB 0x0000000088200000| Untracked |  0
| 109|0x0000000088300000, 0x00000000883a5038, 0x0000000088400000| 64%| S|CS|TAMS 0x0000000088300000| PB 0x0000000088300000| Complete |  0
| 110|0x0000000088400000, 0x0000000088500000, 0x0000000088500000|100%| S|CS|TAMS 0x0000000088400000| PB 0x0000000088400000| Complete |  0
| 111|0x0000000088500000, 0x0000000088500000, 0x0000000088600000|  0%| F|  |TAMS 0x0000000088500000| PB 0x0000000088500000| Untracked |  0
| 112|0x0000000088600000, 0x0000000088600000, 0x0000000088700000|  0%| F|  |TAMS 0x0000000088600000| PB 0x0000000088600000| Untracked |  0
| 113|0x0000000088700000, 0x0000000088700000, 0x0000000088800000|  0%| F|  |TAMS 0x0000000088700000| PB 0x0000000088700000| Untracked |  0
| 114|0x0000000088800000, 0x0000000088800000, 0x0000000088900000|  0%| F|  |TAMS 0x0000000088800000| PB 0x0000000088800000| Untracked |  0
| 115|0x0000000088900000, 0x0000000088900000, 0x0000000088a00000|  0%| F|  |TAMS 0x0000000088900000| PB 0x0000000088900000| Untracked |  0
| 116|0x0000000088a00000, 0x0000000088a00000, 0x0000000088b00000|  0%| F|  |TAMS 0x0000000088a00000| PB 0x0000000088a00000| Untracked |  0
| 117|0x0000000088b00000, 0x0000000088b00000, 0x0000000088c00000|  0%| F|  |TAMS 0x0000000088b00000| PB 0x0000000088b00000| Untracked |  0
| 118|0x0000000088c00000, 0x0000000088c00000, 0x0000000088d00000|  0%| F|  |TAMS 0x0000000088c00000| PB 0x0000000088c00000| Untracked |  0
| 119|0x0000000088d00000, 0x0000000088d00000, 0x0000000088e00000|  0%| F|  |TAMS 0x0000000088d00000| PB 0x0000000088d00000| Untracked |  0
| 120|0x0000000088e00000, 0x0000000088e00000, 0x0000000088f00000|  0%| F|  |TAMS 0x0000000088e00000| PB 0x0000000088e00000| Untracked |  0
| 121|0x0000000088f00000, 0x0000000088f00000, 0x0000000089000000|  0%| F|  |TAMS 0x0000000088f00000| PB 0x0000000088f00000| Untracked |  0
| 122|0x0000000089000000, 0x0000000089000000, 0x0000000089100000|  0%| F|  |TAMS 0x0000000089000000| PB 0x0000000089000000| Untracked |  0
| 123|0x0000000089100000, 0x0000000089100000, 0x0000000089200000|  0%| F|  |TAMS 0x0000000089100000| PB 0x0000000089100000| Untracked |  0
| 124|0x0000000089200000, 0x0000000089200000, 0x0000000089300000|  0%| F|  |TAMS 0x0000000089200000| PB 0x0000000089200000| Untracked |  0
| 125|0x0000000089300000, 0x0000000089300000, 0x0000000089400000|  0%| F|  |TAMS 0x0000000089300000| PB 0x0000000089300000| Untracked |  0
| 126|0x0000000089400000, 0x0000000089492380, 0x0000000089500000| 57%| E|  |TAMS 0x0000000089400000| PB 0x0000000089400000| Complete |  0
| 127|0x0000000089500000, 0x0000000089600000, 0x0000000089600000|100%| E|CS|TAMS 0x0000000089500000| PB 0x0000000089500000| Complete |  0

Card table byte_map: [0x0000019af2db0000,0x0000019af31b0000] _byte_map_base: 0x0000019af29a5000

Marking Bits: (CMBitMap*) 0x0000019adb6cb130
 Bits: [0x0000019af31b0000, 0x0000019af5158000)

Polling page: 0x0000019ad9530000

Metaspace:

Usage:
  Non-class:      8.48 MB used.
      Class:      1.18 MB used.
       Both:      9.66 MB used.

Virtual space:
  Non-class space:       64.00 MB reserved,       8.63 MB ( 13%) committed,  1 nodes.
      Class space:        1.00 GB reserved,       1.25 MB ( <1%) committed,  1 nodes.
             Both:        1.06 GB reserved,       9.88 MB ( <1%) committed. 

Chunk freelists:
   Non-Class:  6.67 MB
       Class:  14.56 MB
        Both:  21.23 MB

MaxMetaspaceSize: unlimited
CompressedClassSpaceSize: 1.00 GB
Initial GC threshold: 21.00 MB
Current GC threshold: 21.00 MB
CDS: on
 - commit_granule_bytes: 65536.
 - commit_granule_words: 8192.
 - virtual_space_node_default_size: 8388608.
 - enlarge_chunks_in_place: 1.
 - use_allocation_guard: 0.


Internal statistics:

num_allocs_failed_limit: 0.
num_arena_births: 228.
num_arena_deaths: 0.
num_vsnodes_births: 2.
num_vsnodes_deaths: 0.
num_space_committed: 158.
num_space_uncommitted: 0.
num_chunks_returned_to_freelist: 0.
num_chunks_taken_from_freelist: 545.
num_chunk_merges: 0.
num_chunk_splits: 304.
num_chunks_enlarged: 172.
num_inconsistent_stats: 0.

CodeHeap 'non-profiled nmethods': size=120000Kb used=604Kb max_used=604Kb free=119395Kb
 bounds [0x0000019aeb480000, 0x0000019aeb6f0000, 0x0000019af29b0000]
CodeHeap 'profiled nmethods': size=120000Kb used=2949Kb max_used=2949Kb free=117050Kb
 bounds [0x0000019ae39b0000, 0x0000019ae3ca0000, 0x0000019aeaee0000]
CodeHeap 'non-nmethods': size=5760Kb used=1399Kb max_used=1415Kb free=4360Kb
 bounds [0x0000019aeaee0000, 0x0000019aeb150000, 0x0000019aeb480000]
 total_blobs=2190 nmethods=1696 adapters=399
 compilation: enabled
              stopped_count=0, restarted_count=0
 full_count=0

Compilation events (20 events):
Event: 0.968 Thread 0x0000019ac513a0f0 1625       1       java.lang.Enum::name (5 bytes)
Event: 0.968 Thread 0x0000019ac513a0f0 nmethod 1625 0x0000019aeb511790 code [0x0000019aeb511920, 0x0000019aeb5119e8]
Event: 0.968 Thread 0x0000019ac513a0f0 1624       3       sun.nio.cs.UTF_8::updatePositions (23 bytes)
Event: 0.968 Thread 0x0000019ac513a0f0 nmethod 1624 0x0000019ae3c6c910 code [0x0000019ae3c6cae0, 0x0000019ae3c6cf18]
Event: 0.968 Thread 0x0000019ac52d5c20 1626       4       java.lang.String::startsWith (7 bytes)
Event: 0.969 Thread 0x0000019ac513a0f0 1627       3       java.nio.charset.CoderResult::isOverflow (14 bytes)
Event: 0.969 Thread 0x0000019ac513a0f0 nmethod 1627 0x0000019ae3c6d090 code [0x0000019ae3c6d220, 0x0000019ae3c6d380]
Event: 0.969 Thread 0x0000019ac513a0f0 1628   !   3       java.nio.charset.CharsetDecoder::decode (275 bytes)
Event: 0.970 Thread 0x0000019ac513a0f0 nmethod 1628 0x0000019ae3c6d410 code [0x0000019ae3c6d740, 0x0000019ae3c6eb00]
Event: 0.970 Thread 0x0000019ac513a0f0 1630       3       java.util.ArrayList::indexOfRange (71 bytes)
Event: 0.970 Thread 0x0000019ac513a0f0 nmethod 1630 0x0000019ae3c6f190 code [0x0000019ae3c6f380, 0x0000019ae3c6f810]
Event: 0.970 Thread 0x0000019ac513a0f0 1629       3       sun.nio.cs.UTF_8$Decoder::decodeLoop (28 bytes)
Event: 0.970 Thread 0x0000019ac513a0f0 nmethod 1629 0x0000019ae3c6fa10 code [0x0000019ae3c6fbe0, 0x0000019ae3c6ffb0]
Event: 0.970 Thread 0x0000019ac513a0f0 1631       3       sun.nio.cs.UTF_8$Decoder::decodeArrayLoop (688 bytes)
Event: 0.972 Thread 0x0000019ac52d5c20 nmethod 1626 0x0000019aeb511a90 code [0x0000019aeb511c20, 0x0000019aeb511ed0]
Event: 0.972 Thread 0x0000019ac52d5c20 1637       4       java.lang.String::startsWith (123 bytes)
Event: 0.973 Thread 0x0000019ac513a0f0 nmethod 1631 0x0000019ae3c70110 code [0x0000019ae3c709a0, 0x0000019ae3c75960]
Event: 0.973 Thread 0x0000019ac513a0f0 1647       3       java.lang.AbstractStringBuilder::appendChars (130 bytes)
Event: 0.974 Thread 0x0000019ac513a0f0 nmethod 1647 0x0000019ae3c77090 code [0x0000019ae3c772a0, 0x0000019ae3c77800]
Event: 0.974 Thread 0x0000019ac513a0f0 1639   !   3       jdk.internal.org.jline.utils.InputStreamReader::read (408 bytes)

GC Heap History (4 events):
Event: 0.561 GC heap before
{Heap before GC invocations=0 (full 0):
 garbage-first heap   total reserved 2074624K, committed 131072K, used 14336K [0x0000000081600000, 0x0000000100000000)
  region size 1024K, 14 young (14336K), 0 survivors (0K)
 Metaspace       used 3984K, committed 4160K, reserved 1114112K
  class space    used 443K, committed 512K, reserved 1048576K
}
Event: 0.565 GC heap after
{Heap after GC invocations=1 (full 0):
 garbage-first heap   total reserved 2074624K, committed 131072K, used 6032K [0x0000000081600000, 0x0000000100000000)
  region size 1024K, 2 young (2048K), 2 survivors (2048K)
 Metaspace       used 3984K, committed 4160K, reserved 1114112K
  class space    used 443K, committed 512K, reserved 1048576K
}
Event: 0.975 GC heap before
{Heap before GC invocations=1 (full 0):
 garbage-first heap   total reserved 2074624K, committed 131072K, used 21392K [0x0000000081600000, 0x0000000100000000)
  region size 1024K, 17 young (17408K), 2 survivors (2048K)
 Metaspace       used 9787K, committed 10048K, reserved 1114112K
  class space    used 1197K, committed 1280K, reserved 1048576K
}
Event: 0.980 GC heap after
{Heap after GC invocations=2 (full 0):
 garbage-first heap   total reserved 2074624K, committed 131072K, used 7941K [0x0000000081600000, 0x0000000100000000)
  region size 1024K, 2 young (2048K), 2 survivors (2048K)
 Metaspace       used 9787K, committed 10048K, reserved 1114112K
  class space    used 1197K, committed 1280K, reserved 1048576K
}

Dll operation events (7 events):
Event: 0.010 Loaded shared library C:\Program Files\Java\jdk-22\bin\java.dll
Event: 0.058 Loaded shared library C:\Program Files\Java\jdk-22\bin\jsvml.dll
Event: 0.126 Loaded shared library C:\Program Files\Java\jdk-22\bin\net.dll
Event: 0.128 Loaded shared library C:\Program Files\Java\jdk-22\bin\nio.dll
Event: 0.131 Loaded shared library C:\Program Files\Java\jdk-22\bin\zip.dll
Event: 0.244 Loaded shared library C:\Program Files\Java\jdk-22\bin\jimage.dll
Event: 0.927 Loaded shared library C:\Program Files\Java\jdk-22\bin\le.dll

Deoptimization events (20 events):
Event: 0.840 Thread 0x0000019ad95a4b20 Uncommon trap: trap_request=0xffffffc6 fr.pc=0x0000019aeb4fd610 relative=0x0000000000000330
Event: 0.840 Thread 0x0000019ad95a4b20 Uncommon trap: reason=bimorphic_or_optimized_type_check action=maybe_recompile pc=0x0000019aeb4fd610 method=java.util.HashMap.getNode(Ljava/lang/Object;)Ljava/util/HashMap$Node; @ 63 c2
Event: 0.840 Thread 0x0000019ad95a4b20 DEOPT PACKING pc=0x0000019aeb4fd610 sp=0x000000143fefe820
Event: 0.840 Thread 0x0000019ad95a4b20 DEOPT UNPACKING pc=0x0000019aeaf346a2 sp=0x000000143fefe788 mode 2
Event: 0.866 Thread 0x0000019ad95a4b20 Uncommon trap: trap_request=0xffffff45 fr.pc=0x0000019aeb4ccd90 relative=0x0000000000000d70
Event: 0.866 Thread 0x0000019ad95a4b20 Uncommon trap: reason=unstable_if action=reinterpret pc=0x0000019aeb4ccd90 method=java.util.jar.JarFile.getEntry(Ljava/lang/String;)Ljava/util/zip/ZipEntry; @ 15 c2
Event: 0.866 Thread 0x0000019ad95a4b20 DEOPT PACKING pc=0x0000019aeb4ccd90 sp=0x000000143fefd820
Event: 0.866 Thread 0x0000019ad95a4b20 DEOPT UNPACKING pc=0x0000019aeaf346a2 sp=0x000000143fefd758 mode 2
Event: 0.866 Thread 0x0000019ad95a4b20 Uncommon trap: trap_request=0xffffff45 fr.pc=0x0000019aeb4c8f48 relative=0x0000000000000c08
Event: 0.866 Thread 0x0000019ad95a4b20 Uncommon trap: reason=unstable_if action=reinterpret pc=0x0000019aeb4c8f48 method=java.util.jar.JarFile.getEntry(Ljava/lang/String;)Ljava/util/zip/ZipEntry; @ 15 c2
Event: 0.866 Thread 0x0000019ad95a4b20 DEOPT PACKING pc=0x0000019aeb4c8f48 sp=0x000000143fefd090
Event: 0.866 Thread 0x0000019ad95a4b20 DEOPT UNPACKING pc=0x0000019aeaf346a2 sp=0x000000143fefd088 mode 2
Event: 0.918 Thread 0x0000019ac60cd960 DEOPT PACKING pc=0x0000019ae3ac755a sp=0x00000014414fd870
Event: 0.918 Thread 0x0000019ac60cd960 DEOPT UNPACKING pc=0x0000019aeaf34e42 sp=0x00000014414fcd00 mode 0
Event: 0.918 Thread 0x0000019ac60cd960 DEOPT PACKING pc=0x0000019ae3ac755a sp=0x00000014414fd870
Event: 0.918 Thread 0x0000019ac60cd960 DEOPT UNPACKING pc=0x0000019aeaf34e42 sp=0x00000014414fcd00 mode 0
Event: 0.921 Thread 0x0000019ad95a4b20 Uncommon trap: trap_request=0xffffff45 fr.pc=0x0000019aeb4944cc relative=0x000000000000004c
Event: 0.921 Thread 0x0000019ad95a4b20 Uncommon trap: reason=unstable_if action=reinterpret pc=0x0000019aeb4944cc method=sun.nio.fs.WindowsPathParser.isSlash(C)Z @ 9 c2
Event: 0.921 Thread 0x0000019ad95a4b20 DEOPT PACKING pc=0x0000019aeb4944cc sp=0x000000143fefc3f0
Event: 0.921 Thread 0x0000019ad95a4b20 DEOPT UNPACKING pc=0x0000019aeaf346a2 sp=0x000000143fefc378 mode 2

Classes loaded (20 events):
Event: 0.969 Loading class org/xml/sax/helpers/DefaultHandler done
Event: 0.969 Loading class javax/xml/catalog/CatalogReader done
Event: 0.970 Loading class org/xml/sax/ext/EntityResolver2
Event: 0.970 Loading class org/xml/sax/ext/EntityResolver2 done
Event: 0.970 Loading class com/sun/org/apache/xerces/internal/util/EntityResolverWrapper
Event: 0.970 Loading class com/sun/org/apache/xerces/internal/util/EntityResolverWrapper done
Event: 0.970 Loading class com/sun/org/apache/xerces/internal/impl/ExternalSubsetResolver
Event: 0.970 Loading class com/sun/org/apache/xerces/internal/impl/ExternalSubsetResolver done
Event: 0.970 Loading class com/sun/org/apache/xerces/internal/util/ErrorHandlerWrapper
Event: 0.970 Loading class com/sun/org/apache/xerces/internal/xni/parser/XMLErrorHandler
Event: 0.970 Loading class com/sun/org/apache/xerces/internal/xni/parser/XMLErrorHandler done
Event: 0.970 Loading class com/sun/org/apache/xerces/internal/util/ErrorHandlerWrapper done
Event: 0.970 Loading class com/sun/org/apache/xerces/internal/xni/parser/XMLInputSource
Event: 0.970 Loading class com/sun/org/apache/xerces/internal/xni/parser/XMLInputSource done
Event: 0.970 Loading class jdk/xml/internal/XMLLimitAnalyzer
Event: 0.970 Loading class jdk/xml/internal/XMLLimitAnalyzer done
Event: 0.973 Loading class com/sun/org/apache/xerces/internal/util/URI
Event: 0.974 Loading class com/sun/org/apache/xerces/internal/util/URI done
Event: 0.974 Loading class sun/net/www/protocol/jrt/JavaRuntimeURLConnection
Event: 0.974 Loading class sun/net/www/protocol/jrt/JavaRuntimeURLConnection done

Classes unloaded (0 events):
No events

Classes redefined (0 events):
No events

Internal exceptions (20 events):
Event: 0.804 Thread 0x0000019ad95a4b20 Exception <a 'java/lang/NoSuchMethodError'{0x0000000088c50090}: 'java.lang.Object java.lang.invoke.DirectMethodHandle$Holder.newInvokeSpecial(java.lang.Object, java.lang.Object, java.lang.Object, int, java.lang.Object)'> (0x0000000088c50090) 
thrown [s\open\src\hotspot\share\interpreter\linkResolver.cpp, line 774]
Event: 0.804 Thread 0x0000019ad95a4b20 Exception <a 'java/lang/NoSuchMethodError'{0x0000000088c57638}: 'java.lang.Object java.lang.invoke.Invokers$Holder.linkToTargetMethod(java.lang.Object, java.lang.Object, int, java.lang.Object, java.lang.Object)'> (0x0000000088c57638) 
thrown [s\open\src\hotspot\share\interpreter\linkResolver.cpp, line 774]
Event: 0.807 Thread 0x0000019ad95a4b20 Exception <a 'java/lang/NoSuchMethodError'{0x0000000088c6a8b0}: 'java.lang.Object java.lang.invoke.DirectMethodHandle$Holder.newInvokeSpecial(java.lang.Object, int, java.lang.Object)'> (0x0000000088c6a8b0) 
thrown [s\open\src\hotspot\share\interpreter\linkResolver.cpp, line 774]
Event: 0.807 Thread 0x0000019ad95a4b20 Exception <a 'java/lang/NoSuchMethodError'{0x0000000088c6f420}: 'int java.lang.invoke.DirectMethodHandle$Holder.invokeSpecialIFC(java.lang.Object, java.lang.Object, java.lang.Object, java.lang.Object)'> (0x0000000088c6f420) 
thrown [s\open\src\hotspot\share\interpreter\linkResolver.cpp, line 774]
Event: 0.833 Thread 0x0000019ad95a4b20 Exception <a 'java/lang/NoSuchMethodError'{0x0000000088b437c0}: 'void java.lang.invoke.DirectMethodHandle$Holder.invokeInterface(java.lang.Object, java.lang.Object, java.lang.Object)'> (0x0000000088b437c0) 
thrown [s\open\src\hotspot\share\interpreter\linkResolver.cpp, line 774]
Event: 0.849 Thread 0x0000019ad95a4b20 Exception <a 'java/lang/NoSuchMethodError'{0x0000000088bc9340}: 'void java.lang.invoke.DirectMethodHandle$Holder.invokeStaticInit(java.lang.Object, java.lang.Object, java.lang.Object)'> (0x0000000088bc9340) 
thrown [s\open\src\hotspot\share\interpreter\linkResolver.cpp, line 774]
Event: 0.854 Thread 0x0000019ad95a4b20 Exception <a 'java/lang/NoSuchMethodError'{0x0000000088a0c5a0}: 'java.lang.Object java.lang.invoke.DirectMethodHandle$Holder.invokeStatic(java.lang.Object, long, java.lang.Object)'> (0x0000000088a0c5a0) 
thrown [s\open\src\hotspot\share\interpreter\linkResolver.cpp, line 774]
Event: 0.854 Thread 0x0000019ad95a4b20 Exception <a 'java/lang/NoSuchMethodError'{0x0000000088a0fc28}: 'java.lang.Object java.lang.invoke.DirectMethodHandle$Holder.invokeStaticInit(java.lang.Object, long, java.lang.Object)'> (0x0000000088a0fc28) 
thrown [s\open\src\hotspot\share\interpreter\linkResolver.cpp, line 774]
Event: 0.855 Thread 0x0000019ad95a4b20 Exception <a 'java/lang/NoSuchMethodError'{0x0000000088a15528}: 'java.lang.Object java.lang.invoke.DirectMethodHandle$Holder.newInvokeSpecial(java.lang.Object, long)'> (0x0000000088a15528) 
thrown [s\open\src\hotspot\share\interpreter\linkResolver.cpp, line 774]
Event: 0.868 Thread 0x0000019ad95a4b20 Exception <a 'java/lang/NoSuchMethodError'{0x0000000088a71a90}: 'void java.lang.invoke.DirectMethodHandle$Holder.invokeVirtual(java.lang.Object, java.lang.Object, java.lang.Object, java.lang.Object)'> (0x0000000088a71a90) 
thrown [s\open\src\hotspot\share\interpreter\linkResolver.cpp, line 774]
Event: 0.900 Thread 0x0000019ad95a4b20 Exception <a 'java/lang/NoSuchMethodError'{0x00000000889ba4d0}: 'void java.lang.invoke.DirectMethodHandle$Holder.invokeSpecial(java.lang.Object, java.lang.Object, java.lang.Object)'> (0x00000000889ba4d0) 
thrown [s\open\src\hotspot\share\interpreter\linkResolver.cpp, line 774]
Event: 0.907 Thread 0x0000019ad95a4b20 Exception <a 'java/lang/IncompatibleClassChangeError'{0x00000000889e6b38}: Found class java.lang.Object, but interface was expected> (0x00000000889e6b38) 
thrown [s\open\src\hotspot\share\interpreter\linkResolver.cpp, line 841]
Event: 0.908 Thread 0x0000019ac60cd960 Exception <a 'java/lang/NoClassDefFoundError'{0x000000008880a408}: jakarta/validation/Validation> (0x000000008880a408) 
thrown [s\open\src\hotspot\share\classfile\systemDictionary.cpp, line 302]
Event: 0.911 Thread 0x0000019ad95a4b20 Exception <a 'java/lang/NoSuchMethodError'{0x00000000888210a0}: 'java.lang.Object java.lang.invoke.DirectMethodHandle$Holder.invokeStaticInit(java.lang.Object, int)'> (0x00000000888210a0) 
thrown [s\open\src\hotspot\share\interpreter\linkResolver.cpp, line 774]
Event: 0.913 Thread 0x0000019ad95a4b20 Exception <a 'java/lang/NoSuchMethodError'{0x000000008882b598}: 'java.lang.Object java.lang.invoke.DirectMethodHandle$Holder.invokeStatic(java.lang.Object, int, java.lang.Object)'> (0x000000008882b598) 
thrown [s\open\src\hotspot\share\interpreter\linkResolver.cpp, line 774]
Event: 0.913 Thread 0x0000019ad95a4b20 Exception <a 'java/lang/NoSuchMethodError'{0x000000008882ec18}: 'java.lang.Object java.lang.invoke.DirectMethodHandle$Holder.invokeStaticInit(java.lang.Object, int, java.lang.Object)'> (0x000000008882ec18) 
thrown [s\open\src\hotspot\share\interpreter\linkResolver.cpp, line 774]
Event: 0.922 Thread 0x0000019ad95a4b20 Exception <a 'sun/nio/fs/WindowsException'{0x0000000088850c18}> (0x0000000088850c18) 
thrown [s\open\src\hotspot\share\prims\jni.cpp, line 520]
Event: 0.929 Thread 0x0000019ad95a4b20 Exception <a 'jdk/internal/org/jline/terminal/impl/jna/LastErrorException'{0x0000000088507090}> (0x0000000088507090) 
thrown [s\open\src\hotspot\share\prims\jni.cpp, line 520]
Event: 0.929 Thread 0x0000019ad95a4b20 Exception <a 'jdk/internal/org/jline/terminal/impl/jna/LastErrorException'{0x0000000088507750}> (0x0000000088507750) 
thrown [s\open\src\hotspot\share\prims\jni.cpp, line 520]
Event: 0.929 Thread 0x0000019ad95a4b20 Exception <a 'jdk/internal/org/jline/terminal/impl/jna/LastErrorException'{0x0000000088507dc0}> (0x0000000088507dc0) 
thrown [s\open\src\hotspot\share\prims\jni.cpp, line 520]

ZGC Phase Switch (0 events):
No events

VM Operations (20 events):
Event: 0.152 Executing VM operation: HandshakeAllThreads (Deoptimize) done
Event: 0.248 Executing VM operation: HandshakeAllThreads (Deoptimize)
Event: 0.248 Executing VM operation: HandshakeAllThreads (Deoptimize) done
Event: 0.539 Executing VM operation: HandshakeAllThreads (Deoptimize)
Event: 0.539 Executing VM operation: HandshakeAllThreads (Deoptimize) done
Event: 0.539 Executing VM operation: HandshakeAllThreads (Deoptimize)
Event: 0.539 Executing VM operation: HandshakeAllThreads (Deoptimize) done
Event: 0.561 Executing VM operation: G1CollectForAllocation (G1 Evacuation Pause)
Event: 0.565 Executing VM operation: G1CollectForAllocation (G1 Evacuation Pause) done
Event: 0.632 Executing VM operation: HandshakeAllThreads (Deoptimize)
Event: 0.632 Executing VM operation: HandshakeAllThreads (Deoptimize) done
Event: 0.894 Executing VM operation: HandshakeAllThreads (Deoptimize)
Event: 0.894 Executing VM operation: HandshakeAllThreads (Deoptimize) done
Event: 0.897 Executing VM operation: HandshakeAllThreads (Deoptimize)
Event: 0.897 Executing VM operation: HandshakeAllThreads (Deoptimize) done
Event: 0.903 Executing VM operation: ICBufferFull
Event: 0.903 Executing VM operation: ICBufferFull done
Event: 0.915 Executing VM operation: HandshakeAllThreads (Deoptimize)
Event: 0.915 Executing VM operation: HandshakeAllThreads (Deoptimize) done
Event: 0.975 Executing VM operation: G1CollectForAllocation (G1 Evacuation Pause)

Events (13 events):
Event: 0.040 Thread 0x0000019ad95a4b20 Thread added: 0x0000019ad95a4b20
Event: 0.054 Thread 0x0000019af7626db0 Thread added: 0x0000019af7626db0
Event: 0.055 Thread 0x0000019af7635130 Thread added: 0x0000019af7635130
Event: 0.055 Thread 0x0000019af763de30 Thread added: 0x0000019af763de30
Event: 0.055 Thread 0x0000019af763e890 Thread added: 0x0000019af763e890
Event: 0.055 Thread 0x0000019af763f2f0 Thread added: 0x0000019af763f2f0
Event: 0.055 Thread 0x0000019af763fd50 Thread added: 0x0000019af763fd50
Event: 0.055 Thread 0x0000019af7640ae0 Thread added: 0x0000019af7640ae0
Event: 0.060 Thread 0x0000019ac513a0f0 Thread added: 0x0000019ac513a0f0
Event: 0.120 Thread 0x0000019ac521d7a0 Thread added: 0x0000019ac521d7a0
Event: 0.122 Thread 0x0000019ac522ae10 Thread added: 0x0000019ac522ae10
Event: 0.144 Thread 0x0000019ac52d5c20 Thread added: 0x0000019ac52d5c20
Event: 0.904 Thread 0x0000019ac60cd960 Thread added: 0x0000019ac60cd960


Dynamic libraries:
0x00007ff615740000 - 0x00007ff615750000 	C:\Program Files\Java\jdk-22\bin\javaw.exe
0x00007ff90d620000 - 0x00007ff90d810000 	C:\Windows\SYSTEM32\ntdll.dll
0x00007ff90c080000 - 0x00007ff90c132000 	C:\Windows\System32\KERNEL32.DLL
0x00007ff90b1b0000 - 0x00007ff90b453000 	C:\Windows\System32\KERNELBASE.dll
0x00007ff90b5d0000 - 0x00007ff90b6ca000 	C:\Windows\System32\ucrtbase.dll
0x00007ff8ff9f0000 - 0x00007ff8ffa07000 	C:\Program Files\Java\jdk-22\bin\jli.dll
0x00007ff90d530000 - 0x00007ff90d5d3000 	C:\Windows\System32\ADVAPI32.dll
0x00007ff90c600000 - 0x00007ff90c69e000 	C:\Windows\System32\msvcrt.dll
0x00007ff90b9b0000 - 0x00007ff90ba47000 	C:\Windows\System32\sechost.dll
0x00007ff90c6a0000 - 0x00007ff90c7c0000 	C:\Windows\System32\RPCRT4.dll
0x00007ff90b6d0000 - 0x00007ff90b864000 	C:\Windows\System32\USER32.dll
0x00007ff90a760000 - 0x00007ff90a781000 	C:\Windows\System32\win32u.dll
0x00007ff90ba50000 - 0x00007ff90ba76000 	C:\Windows\System32\GDI32.dll
0x00007ff90a790000 - 0x00007ff90a924000 	C:\Windows\System32\gdi32full.dll
0x00007ff90b530000 - 0x00007ff90b5ce000 	C:\Windows\System32\msvcp_win.dll
0x00007ff8fceb0000 - 0x00007ff8fd135000 	C:\Windows\WinSxS\amd64_microsoft.windows.common-controls_6595b64144ccf1df_6.0.18362.592_none_e6c0b1911312be02\COMCTL32.dll
0x00007ff90c1f0000 - 0x00007ff90c526000 	C:\Windows\System32\combase.dll
0x00007ff90b4b0000 - 0x00007ff90b530000 	C:\Windows\System32\bcryptPrimitives.dll
0x00007ff8fcce0000 - 0x00007ff8fccea000 	C:\Windows\SYSTEM32\VERSION.dll
0x00007ff8ff9d0000 - 0x00007ff8ff9eb000 	C:\Program Files\Java\jdk-22\bin\VCRUNTIME140.dll
0x00007ff90d4f0000 - 0x00007ff90d51e000 	C:\Windows\System32\IMM32.DLL
0x00007ff8ff9c0000 - 0x00007ff8ff9cc000 	C:\Program Files\Java\jdk-22\bin\vcruntime140_1.dll
0x00007ff8e7540000 - 0x00007ff8e75ce000 	C:\Program Files\Java\jdk-22\bin\msvcp140.dll
0x00007ff8b70a0000 - 0x00007ff8b7de8000 	C:\Program Files\Java\jdk-22\bin\server\jvm.dll
0x00007ff90a560000 - 0x00007ff90a5aa000 	C:\Windows\System32\POWRPROF.dll
0x00007ff90a4f0000 - 0x00007ff90a500000 	C:\Windows\System32\UMPDC.dll
0x00007ff90c7c0000 - 0x00007ff90c82f000 	C:\Windows\System32\WS2_32.dll
0x00007ff903610000 - 0x00007ff903634000 	C:\Windows\SYSTEM32\WINMM.dll
0x00007ff9035e0000 - 0x00007ff90360d000 	C:\Windows\SYSTEM32\WINMMBASE.dll
0x00007ff90b460000 - 0x00007ff90b4aa000 	C:\Windows\System32\cfgmgr32.dll
0x00007ff90a500000 - 0x00007ff90a511000 	C:\Windows\System32\kernel.appcore.dll
0x00007ff8ff960000 - 0x00007ff8ff96a000 	C:\Program Files\Java\jdk-22\bin\jimage.dll
0x00007ff8f8660000 - 0x00007ff8f8854000 	C:\Windows\SYSTEM32\DBGHELP.DLL
0x00007ff8f7d00000 - 0x00007ff8f7d2a000 	C:\Windows\SYSTEM32\dbgcore.DLL
0x00007ff8f9270000 - 0x00007ff8f928e000 	C:\Program Files\Java\jdk-22\bin\java.dll
0x00007ff90c830000 - 0x00007ff90cf15000 	C:\Windows\System32\SHELL32.dll
0x00007ff90c530000 - 0x00007ff90c5d9000 	C:\Windows\System32\shcore.dll
0x00007ff90a9e0000 - 0x00007ff90b15f000 	C:\Windows\System32\windows.storage.dll
0x00007ff90a540000 - 0x00007ff90a55f000 	C:\Windows\System32\profapi.dll
0x00007ff90b940000 - 0x00007ff90b992000 	C:\Windows\System32\shlwapi.dll
0x00007ff90b160000 - 0x00007ff90b177000 	C:\Windows\System32\cryptsp.dll
0x00007ff90d390000 - 0x00007ff90d4e6000 	C:\Windows\System32\ole32.dll
0x00007ff8e49d0000 - 0x00007ff8e4aa7000 	C:\Program Files\Java\jdk-22\bin\jsvml.dll
0x00007ff8f92b0000 - 0x00007ff8f92c0000 	C:\Program Files\Java\jdk-22\bin\net.dll
0x00007ff909d10000 - 0x00007ff909d77000 	C:\Windows\system32\mswsock.dll
0x00007ff8ebea0000 - 0x00007ff8ebeb6000 	C:\Program Files\Java\jdk-22\bin\nio.dll
0x00007ff8ea5b0000 - 0x00007ff8ea5c7000 	C:\Program Files\Java\jdk-22\bin\zip.dll
0x00007ff8f63e0000 - 0x00007ff8f63eb000 	C:\Program Files\Java\jdk-22\bin\le.dll

dbghelp: loaded successfully - version: 4.0.5 - missing functions: none
symbol engine: initialized successfully - sym options: 0x614 - pdb path: .;C:\Program Files\Java\jdk-22\bin;C:\Windows\SYSTEM32;C:\Windows\WinSxS\amd64_microsoft.windows.common-controls_6595b64144ccf1df_6.0.18362.592_none_e6c0b1911312be02;C:\Program Files\Java\jdk-22\bin\server

VM Arguments:
jvm_args: -Dfile.encoding=UTF-8 -Dstdout.encoding=UTF-8 -Dstderr.encoding=UTF-8 -XX:+ShowCodeDetailsInExceptionMessages 
java_command: br.com.literalura.principal.LiteraluraApplication
java_class_path (initial): W:\wamp\www\gos\JavaChallengeLiteralura\literalura\target\classes;C:\Users\SENAC\.m2\repository\org\springframework\boot\spring-boot-starter-data-jpa\3.3.1\spring-boot-starter-data-jpa-3.3.1.jar;C:\Users\SENAC\.m2\repository\org\springframework\boot\spring-boot-starter-aop\3.3.1\spring-boot-starter-aop-3.3.1.jar;C:\Users\SENAC\.m2\repository\org\springframework\spring-aop\6.1.10\spring-aop-6.1.10.jar;C:\Users\SENAC\.m2\repository\org\aspectj\aspectjweaver\1.9.22\aspectjweaver-1.9.22.jar;C:\Users\SENAC\.m2\repository\org\springframework\boot\spring-boot-starter-jdbc\3.3.1\spring-boot-starter-jdbc-3.3.1.jar;C:\Users\SENAC\.m2\repository\com\zaxxer\HikariCP\5.1.0\HikariCP-5.1.0.jar;C:\Users\SENAC\.m2\repository\org\springframework\spring-jdbc\6.1.10\spring-jdbc-6.1.10.jar;C:\Users\SENAC\.m2\repository\org\hibernate\orm\hibernate-core\6.5.2.Final\hibernate-core-6.5.2.Final.jar;C:\Users\SENAC\.m2\repository\jakarta\persistence\jakarta.persistence-api\3.1.0\jakarta.persistence-api-3.1.0.jar;C:\Users\SENAC\.m2\repository\jakarta\transaction\jakarta.transaction-api\2.0.1\jakarta.transaction-api-2.0.1.jar;C:\Users\SENAC\.m2\repository\org\jboss\logging\jboss-logging\3.5.3.Final\jboss-logging-3.5.3.Final.jar;C:\Users\SENAC\.m2\repository\org\hibernate\common\hibernate-commons-annotations\6.0.6.Final\hibernate-commons-annotations-6.0.6.Final.jar;C:\Users\SENAC\.m2\repository\io\smallrye\jandex\3.1.2\jandex-3.1.2.jar;C:\Users\SENAC\.m2\repository\com\fasterxml\classmate\1.7.0\classmate-1.7.0.jar;C:\Users\SENAC\.m2\repository\net\bytebuddy\byte-buddy\1.14.17\byte-buddy-1.14.17.jar;C:\Users\SENAC\.m2\repository\org\glassfish\jaxb\jaxb-runtime\4.0.5\jaxb-runtime-4.0.5.jar;C:\Users\SENAC\.m2\repository\org\glassfish\jaxb\jaxb-core\4.0.5\jaxb-core-4.0.5.jar;C:\Users\SENAC\.m2\repository\org\eclipse\angus\angus-activation\2.0.2\angus-activation-2.0.2.jar;C:\Users\SENAC\.m2\repository\org\glassfish\jaxb\txw2\4.0.5\txw2-4.0.5.jar;C:\Users\SENAC\.m2\repository\com\sun\istack\istack-commons-runtime\4.1.2\istack-commons-runtime-4.1.2.jar;C:\Users\SENAC\.m2\repository\jakarta\inject\jakarta.inject-api\2.0.1\jakarta.inject-api-2.0.1.jar;C:\Users\SENAC\.m2\repository\org\antlr\antlr4-runtime\4.13.0\antlr4-runtime-4.13.0.jar;C:\Users\SENAC\.m2\repository\org\springframework\data\spring-data-jpa\3.3.1\spring-data-jpa-3.3.1.jar;C:\Users\SENAC\.m2\repository\org\springframework\data\spring-data-commons\3.3.1\spring-data-commons-3.3.1.jar;C:\Users\SENAC\.m2\repository\org\springframework\spring-orm\6.1.10\spring-orm-6.1.10.jar;C:\Users\SENAC\.m2\repository\org\springframework\spring-context\6.1.10\spring-context-6.1.10.jar;C:\Users\SENAC\.m2\repository\org\springframework\spring-tx\6.1.10\spring-tx-6.1.10.jar;C:\Users\SENAC\.m2\repository\org\springframework\spring-beans\6.1.10\spring-beans-6.1.10.jar;C:\Users\SENAC\.m2\repository\jakarta\annotation\jakarta.annotation-api\2.1.1\jakarta.annotation-api-2.1.1.jar;C:\Users\SENAC\.m2\repository\org\slf4j\slf4j-api\2.0.13\slf4j-api-2.0.13.jar;C:\Users\SENAC\.m2\repository\org\springframework\spring-aspects\6.1.10\spring-aspects-6.1.10.jar;C:\Users\SENAC\.m2\repository\org\springframework\boot\spring-boot-starter-web\3.3.1\spring-boot-starter-web-3.3.1.jar;C:\Users\SENAC\.m2\repository\org\springframework\boot\spring-boot-starter\3.3.1\spring-boot-starter-3.3.1.jar;C:\Users\SENAC\.m2\repository\org\springframework\boot\spring-boot\3.3.1\spring-boot-3.3.1.jar;C:\Users\SENAC\.m2\repository\org\springframework\boot\spring-boot-autoconfigure\3.3.1\spring-boot-autoconfigure-3.3.1.jar;C:\Users\SENAC\.m2\repository\org\springframework\boot\spring-boot-starter-logging\3.3.1\spring-boot-starter-logging-3.3.1.jar;C:\Users\SENAC\.m2\repository\ch\qos\logback\logback-classic\1.5.6\logback-classic-1.5.6.jar;C:\Users\SENAC\.m2\repository\ch\qos\logback\logback-core\1.5.6\logback-core-1.5.6.jar;C:\Users\SENAC\.m2\repository\org\apache\logging\log4j\log4j-to-slf4j\2.23.1\log4j-to-slf4j-2.23.1.jar;C:\Users\SENAC\.m2\repository\org\apache\logging\log4j\log4j-api\2.23.1\log4j-api-2.23.1.jar;C:\Users\SENAC\.m2\repository\org\slf4j\jul-to-slf4j\2.0.13\jul-to-slf4j-2.0.13.jar;C:\Users\SENAC\.m2\repository\org\yaml\snakeyaml\2.2\snakeyaml-2.2.jar;C:\Users\SENAC\.m2\repository\org\springframework\boot\spring-boot-starter-json\3.3.1\spring-boot-starter-json-3.3.1.jar;C:\Users\SENAC\.m2\repository\com\fasterxml\jackson\core\jackson-databind\2.17.1\jackson-databind-2.17.1.jar;C:\Users\SENAC\.m2\repository\com\fasterxml\jackson\core\jackson-annotations\2.17.1\jackson-annotations-2.17.1.jar;C:\Users\SENAC\.m2\repository\com\fasterxml\jackson\core\jackson-core\2.17.1\jackson-core-2.17.1.jar;C:\Users\SENAC\.m2\repository\com\fasterxml\jackson\datatype\jackson-datatype-jdk8\2.17.1\jackson-datatype-jdk8-2.17.1.jar;C:\Users\SENAC\.m2\repository\com\fasterxml\jackson\datatype\jackson-datatype-jsr310\2.17.1\jackson-datatype-jsr310-2.17.1.jar;C:\Users\SENAC\.m2\repository\com\fasterxml\jackson\module\jackson-module-parameter-names\2.17.1\jackson-module-parameter-names-2.17.1.jar;C:\Users\SENAC\.m2\repository\org\springframework\boot\spring-boot-starter-tomcat\3.3.1\spring-boot-starter-tomcat-3.3.1.jar;C:\Users\SENAC\.m2\repository\org\apache\tomcat\embed\tomcat-embed-core\10.1.25\tomcat-embed-core-10.1.25.jar;C:\Users\SENAC\.m2\repository\org\apache\tomcat\embed\tomcat-embed-el\10.1.25\tomcat-embed-el-10.1.25.jar;C:\Users\SENAC\.m2\repository\org\apache\tomcat\embed\tomcat-embed-websocket\10.1.25\tomcat-embed-websocket-10.1.25.jar;C:\Users\SENAC\.m2\repository\org\springframework\spring-web\6.1.10\spring-web-6.1.10.jar;C:\Users\SENAC\.m2\repository\io\micrometer\micrometer-observation\1.13.1\micrometer-observation-1.13.1.jar;C:\Users\SENAC\.m2\repository\io\micrometer\micrometer-commons\1.13.1\micrometer-commons-1.13.1.jar;C:\Users\SENAC\.m2\repository\org\springframework\spring-webmvc\6.1.10\spring-webmvc-6.1.10.jar;C:\Users\SENAC\.m2\repository\org\springframework\spring-expression\6.1.10\spring-expression-6.1.10.jar;C:\Users\SENAC\.m2\repository\org\postgresql\postgresql\42.7.3\postgresql-42.7.3.jar;C:\Users\SENAC\.m2\repository\org\checkerframework\checker-qual\3.42.0\checker-qual-3.42.0.jar;C:\Users\SENAC\.m2\repository\jakarta\xml\bind\jakarta.xml.bind-api\4.0.2\jakarta.xml.bind-api-4.0.2.jar;C:\Users\SENAC\.m2\repository\jakarta\activation\jakarta.activation-api\2.1.3\jakarta.activation-api-2.1.3.jar;C:\Users\SENAC\.m2\repository\org\springframework\spring-core\6.1.10\spring-core-6.1.10.jar;C:\Users\SENAC\.m2\repository\org\springframework\spring-jcl\6.1.10\spring-jcl-6.1.10.jar
Launcher Type: SUN_STANDARD

[Global flags]
     intx CICompilerCount                          = 3                                         {product} {ergonomic}
     uint ConcGCThreads                            = 1                                         {product} {ergonomic}
     uint G1ConcRefinementThreads                  = 4                                         {product} {ergonomic}
   size_t G1HeapRegionSize                         = 1048576                                   {product} {ergonomic}
   size_t InitialHeapSize                          = 134217728                                 {product} {ergonomic}
   size_t MarkStackSize                            = 4194304                                   {product} {ergonomic}
   size_t MaxHeapSize                              = 2124414976                                {product} {ergonomic}
   size_t MaxNewSize                               = 1274019840                                {product} {ergonomic}
   size_t MinHeapDeltaBytes                        = 1048576                                   {product} {ergonomic}
   size_t MinHeapSize                              = 8388608                                   {product} {ergonomic}
    uintx NonNMethodCodeHeapSize                   = 5832780                                {pd product} {ergonomic}
    uintx NonProfiledCodeHeapSize                  = 122912730                              {pd product} {ergonomic}
    uintx ProfiledCodeHeapSize                     = 122912730                              {pd product} {ergonomic}
    uintx ReservedCodeCacheSize                    = 251658240                              {pd product} {ergonomic}
     bool SegmentedCodeCache                       = true                                      {product} {ergonomic}
     bool ShowCodeDetailsInExceptionMessages       = true                                   {manageable} {command line}
   size_t SoftMaxHeapSize                          = 2124414976                             {manageable} {ergonomic}
     bool UseCompressedOops                        = true                           {product lp64_product} {ergonomic}
     bool UseG1GC                                  = true                                      {product} {ergonomic}
     bool UseLargePagesIndividualAllocation        = false                                  {pd product} {ergonomic}

Logging:
Log output configuration:
 #0: stdout all=warning uptime,level,tags foldmultilines=false
 #1: stderr all=off uptime,level,tags foldmultilines=false

Environment Variables:
JAVA_HOME=C:\Program Files\Java\jdk-11.0.6\
CLASSPATH=C:\Program Files (x86)\Golbery\www\eclipseworkspace\db\mysqlserver\mysql-8.3.0-winx64\bin
PATH=C:/Users/SENAC/.p2/pool/plugins/org.eclipse.justj.openjdk.hotspot.jre.full.win32.x86_64_22.0.1.v20240426-1149/jre/bin/server;C:/Users/SENAC/.p2/pool/plugins/org.eclipse.justj.openjdk.hotspot.jre.full.win32.x86_64_22.0.1.v20240426-1149/jre/bin;C:\Program Files (x86)\Common Files\Intel\Shared Files\cpp\bin\Intel64;C:\Windows\system32;C:\Windows;C:\Windows\System32\Wbem;C:\Windows\System32\WindowsPowerShell\v1.0\;C:\Windows\System32\OpenSSH\;C:\Program Files\Microsoft SQL Server\120\Tools\Binn\;C:\Program Files\Common Files\Autodesk Shared\;C:\Program Files\Java\jdk-11.0.6\\bin;C:\Program Files\nodejs\;C:\Program Files\Git\cmd;C:\Program Files (x86)\Golbery\www\eclipseworkspace\db\mysqlserver\mysql-8.3.0-winx64\bin;C:\Users\SENAC\AppData\Local\Programs\Python\Python38\Scripts\;C:\Users\SENAC\AppData\Local\Programs\Python\Python38\;C:\Users\SENAC\AppData\Local\Microsoft\WindowsApps;C:\Users\SENAC\AppData\Roaming\npm;C:\Users\SENAC\AppData\Local\Programs\Microsoft VS Code\bin;C:\Program Files\JetBrains\IntelliJ IDEA 2024.1\bin;;C:\Program Files (x86)\Golbery\www\eclipseworkspace\db\mysqlserver\mysql-8.3.0-winx64\bin;;C:\Users\SENAC\Desktop;
USERNAME=SENAC
OS=Windows_NT
PROCESSOR_IDENTIFIER=Intel64 Family 6 Model 60 Stepping 3, GenuineIntel
TMP=C:\Users\SENAC\AppData\Local\Temp
TEMP=C:\Users\SENAC\AppData\Local\Temp




Periodic native trim disabled

---------------  S Y S T E M  ---------------

OS:
 Windows 10 , 64 bit Build 18362 (10.0.18362.329)
OS uptime: 0 days 3:36 hours
Hyper-V role detected

CPU: total 4 (initial active 4) (4 cores per cpu, 1 threads per core) family 6 model 60 stepping 3 microcode 0x25, cx8, cmov, fxsr, mmx, sse, sse2, sse3, ssse3, sse4.1, sse4.2, popcnt, lzcnt, tsc, tscinvbit, avx, avx2, aes, erms, clmul, bmi1, bmi2, fma, vzeroupper, clflush, hv, rdtscp, f16c
Processor Information for all 4 processors :
  Max Mhz: 3001, Current Mhz: 3001, Mhz Limit: 3001

Memory: 4k page, system-wide physical 8098M (616M free)
TotalPageFile size 8098M (AvailPageFile size 2M)
current process WorkingSet (physical memory assigned to process): 88M, peak: 88M
current process commit charge ("private bytes"): 225M, peak: 226M

vm_info: Java HotSpot(TM) 64-Bit Server VM (22+36-2370) for windows-amd64 JRE (22+36-2370), built on 2024-02-15T22:15:19Z by "mach5one" with MS VC++ 17.6 (VS2022)

END.
