#
# There is insufficient memory for the Java Runtime Environment to continue.
# Native memory allocation (mmap) failed to map 65536 bytes. Error detail: Failed to commit metaspace.
# Possible reasons:
#   The system is out of physical RAM or swap space
#   This process is running with CompressedOops enabled, and the Java Heap may be blocking the growth of the native heap
# Possible solutions:
#   Reduce memory load on the system
#   Increase physical memory or swap space
#   Check if swap backing store is full
#   Decrease Java heap size (-Xmx/-Xms)
#   Decrease number of Java threads
#   Decrease Java thread stack sizes (-Xss)
#   Set larger code cache with -XX:ReservedCodeCacheSize=
#   JVM is running with Unscaled Compressed Oops mode in which the Java heap is
#     placed in the first 4GB address space. The Java Heap base address is the
#     maximum limit for the native heap growth. Please use -XX:HeapBaseMinAddress
#     to set the Java Heap base and to place the Java Heap above 4GB virtual address.
# This output file may be truncated or incomplete.
#
#  Out of Memory Error (virtualSpaceNode.cpp:112), pid=9632, tid=9516
#
# JRE version: Java(TM) SE Runtime Environment (22.0+36) (build 22+36-2370)
# Java VM: Java HotSpot(TM) 64-Bit Server VM (22+36-2370, mixed mode, sharing, tiered, compressed oops, compressed class ptrs, g1 gc, windows-amd64)
# No core dump will be written. Minidumps are not enabled by default on client versions of Windows
#

---------------  S U M M A R Y ------------

Command Line: -Dfile.encoding=UTF-8 -Dstdout.encoding=UTF-8 -Dstderr.encoding=UTF-8 -XX:+ShowCodeDetailsInExceptionMessages br.com.literalura.principal.LiteraluraApplication

Host: Intel(R) Core(TM) i5-4590S CPU @ 3.00GHz, 4 cores, 7G,  Windows 10 , 64 bit Build 18362 (10.0.18362.329)
Time: Tue Jul 16 17:39:32 2024 Hora Padrão de Caracas elapsed time: 1.424108 seconds (0d 0h 0m 1s)

---------------  T H R E A D  ---------------

Current thread (0x000001bf78a35e20):  JavaThread "C1 CompilerThread0" daemon [_thread_in_vm, id=9516, stack(0x00000085bc600000,0x00000085bc700000) (1024K)]


Current CompileTask:
C1:1424 2496       3       org.springframework.asm.ClassReader::readMethod (1061 bytes)

Stack: [0x00000085bc600000,0x00000085bc700000]
Native frames: (J=compiled Java code, j=interpreted, Vv=VM code, C=native code)
V  [jvm.dll+0x6e2349]  (no source info available)
V  [jvm.dll+0x874ed3]  (no source info available)
V  [jvm.dll+0x8772fe]  (no source info available)
V  [jvm.dll+0x8779d3]  (no source info available)
V  [jvm.dll+0x27fcb6]  (no source info available)
V  [jvm.dll+0x870b1e]  (no source info available)
V  [jvm.dll+0x6853b5]  (no source info available)
V  [jvm.dll+0x1e3e9c]  (no source info available)
V  [jvm.dll+0x1e3c6e]  (no source info available)
V  [jvm.dll+0x687d08]  (no source info available)
V  [jvm.dll+0x22509c]  (no source info available)
V  [jvm.dll+0x685dce]  (no source info available)
V  [jvm.dll+0x6974aa]  (no source info available)
V  [jvm.dll+0x690332]  (no source info available)
V  [jvm.dll+0x1f1c50]  (no source info available)
V  [jvm.dll+0x1f1e38]  (no source info available)
V  [jvm.dll+0x153462]  (no source info available)
V  [jvm.dll+0x1538a0]  (no source info available)
V  [jvm.dll+0x152c1d]  (no source info available)
V  [jvm.dll+0x154add]  (no source info available)
V  [jvm.dll+0x25699e]  (no source info available)
V  [jvm.dll+0x254c5a]  (no source info available)
V  [jvm.dll+0x3f5426]  (no source info available)
V  [jvm.dll+0x81d50b]  (no source info available)
V  [jvm.dll+0x6e09e5]  (no source info available)
C  [ucrtbase.dll+0x20e72]  (no source info available)
C  [KERNEL32.DLL+0x17bd4]  (no source info available)
C  [ntdll.dll+0x6ced1]  (no source info available)


---------------  P R O C E S S  ---------------

Threads class SMR info:
_java_thread_list=0x000001bf5595adb0, length=12, elements={
0x000001bf69937ba0, 0x000001bf78a08e80, 0x000001bf78a17160, 0x000001bf78a20b10,
0x000001bf78a21720, 0x000001bf78a22920, 0x000001bf78a23e80, 0x000001bf78a25560,
0x000001bf78a35e20, 0x000001bf54235be0, 0x000001bf5425d650, 0x000001bf78a364f0
}

Java Threads: ( => current thread )
  0x000001bf69937ba0 JavaThread "main"                              [_thread_in_vm, id=6264, stack(0x00000085bb700000,0x00000085bb800000) (1024K)]
  0x000001bf78a08e80 JavaThread "Reference Handler"          daemon [_thread_blocked, id=3856, stack(0x00000085bbf00000,0x00000085bc000000) (1024K)]
  0x000001bf78a17160 JavaThread "Finalizer"                  daemon [_thread_blocked, id=2468, stack(0x00000085bc000000,0x00000085bc100000) (1024K)]
  0x000001bf78a20b10 JavaThread "Signal Dispatcher"          daemon [_thread_blocked, id=9572, stack(0x00000085bc100000,0x00000085bc200000) (1024K)]
  0x000001bf78a21720 JavaThread "Attach Listener"            daemon [_thread_blocked, id=1492, stack(0x00000085bc200000,0x00000085bc300000) (1024K)]
  0x000001bf78a22920 JavaThread "Service Thread"             daemon [_thread_blocked, id=3116, stack(0x00000085bc300000,0x00000085bc400000) (1024K)]
  0x000001bf78a23e80 JavaThread "Monitor Deflation Thread"   daemon [_thread_blocked, id=5556, stack(0x00000085bc400000,0x00000085bc500000) (1024K)]
  0x000001bf78a25560 JavaThread "C2 CompilerThread0"         daemon [_thread_blocked, id=3480, stack(0x00000085bc500000,0x00000085bc600000) (1024K)]
=>0x000001bf78a35e20 JavaThread "C1 CompilerThread0"         daemon [_thread_in_vm, id=9516, stack(0x00000085bc600000,0x00000085bc700000) (1024K)]
  0x000001bf54235be0 JavaThread "Notification Thread"        daemon [_thread_blocked, id=7852, stack(0x00000085bc700000,0x00000085bc800000) (1024K)]
  0x000001bf5425d650 JavaThread "Common-Cleaner"             daemon [_thread_blocked, id=8768, stack(0x00000085bc800000,0x00000085bc900000) (1024K)]
  0x000001bf78a364f0 JavaThread "C2 CompilerThread1"         daemon [_thread_in_native, id=6712, stack(0x00000085bc900000,0x00000085bca00000) (1024K)]
Total: 12

Other Threads:
  0x000001bf789ff9e0 VMThread "VM Thread"                           [id=4576, stack(0x00000085bbe00000,0x00000085bbf00000) (1024K)]
  0x000001bf789e3af0 WatcherThread "VM Periodic Task Thread"        [id=2972, stack(0x00000085bbd00000,0x00000085bbe00000) (1024K)]
  0x000001bf69b6a1b0 WorkerThread "GC Thread#0"                     [id=2344, stack(0x00000085bb800000,0x00000085bb900000) (1024K)]
  0x000001bf549f1160 WorkerThread "GC Thread#1"                     [id=5284, stack(0x00000085bca00000,0x00000085bcb00000) (1024K)]
  0x000001bf5491aef0 WorkerThread "GC Thread#2"                     [id=9540, stack(0x00000085bcb00000,0x00000085bcc00000) (1024K)]
  0x000001bf547e2e30 WorkerThread "GC Thread#3"                     [id=8660, stack(0x00000085bcc00000,0x00000085bcd00000) (1024K)]
  0x000001bf69b7adf0 ConcurrentGCThread "G1 Main Marker"            [id=2500, stack(0x00000085bb900000,0x00000085bba00000) (1024K)]
  0x000001bf69b7c200 WorkerThread "G1 Conc#0"                       [id=3400, stack(0x00000085bba00000,0x00000085bbb00000) (1024K)]
  0x000001bf69bcea50 ConcurrentGCThread "G1 Refine#0"               [id=9656, stack(0x00000085bbb00000,0x00000085bbc00000) (1024K)]
  0x000001bf788a7fa0 ConcurrentGCThread "G1 Service"                [id=8304, stack(0x00000085bbc00000,0x00000085bbd00000) (1024K)]
Total: 10

Threads with active compile tasks:
C1 CompilerThread0  1475 2496       3       org.springframework.asm.ClassReader::readMethod (1061 bytes)
C2 CompilerThread1  1475 2456   !   4       java.util.zip.InflaterInputStream::read (129 bytes)
Total: 2

VM state: not at safepoint (normal execution)

VM Mutex/Monitor currently owned by a thread:  ([mutex/lock_event])
[0x00007ffaf72bab48] Metaspace_lock - owner thread: 0x000001bf78a35e20

Heap address: 0x0000000081600000, size: 2026 MB, Compressed Oops mode: 32-bit

CDS archive(s) mapped at: [0x000001bf0f000000-0x000001bf0fc60000-0x000001bf0fc60000), size 12976128, SharedBaseAddress: 0x000001bf0f000000, ArchiveRelocationMode: 1.
Compressed class space mapped at: 0x000001bf10000000-0x000001bf50000000, reserved size: 1073741824
Narrow klass base: 0x000001bf0f000000, Narrow klass shift: 0, Narrow klass range: 0x41000000

GC Precious Log:
 CardTable entry size: 512
 Card Set container configuration: InlinePtr #cards 5 size 8 Array Of Cards #cards 12 size 40 Howl #buckets 4 coarsen threshold 1843 Howl Bitmap #cards 512 size 80 coarsen threshold 460 Card regions per heap region 1 cards per card region 2048
 CPUs: 4 total, 4 available
 Memory: 8098M
 Large Page Support: Disabled
 NUMA Support: Disabled
 Compressed Oops: Enabled (32-bit)
 Heap Region Size: 1M
 Heap Min Capacity: 8M
 Heap Initial Capacity: 128M
 Heap Max Capacity: 2026M
 Pre-touch: Disabled
 Parallel Workers: 4
 Concurrent Workers: 1
 Concurrent Refinement Workers: 4
 Periodic GC: Disabled

Heap:
 garbage-first heap   total reserved 2074624K, committed 131072K, used 18455K [0x0000000081600000, 0x0000000100000000)
  region size 1024K, 14 young (14336K), 5 survivors (5120K)
 Metaspace       used 19268K, committed 19520K, reserved 1114112K
  class space    used 2355K, committed 2496K, reserved 1048576K

Heap Regions: E=young(eden), S=young(survivor), O=old, HS=humongous(starts), HC=humongous(continues), CS=collection set, F=free, TAMS=top-at-mark-start, PB=parsable bottom
|   0|0x0000000081600000, 0x0000000081700000, 0x0000000081700000|100%|HS|  |TAMS 0x0000000081600000| PB 0x0000000081600000| Complete |  0
|   1|0x0000000081700000, 0x0000000081800000, 0x0000000081800000|100%| O|  |TAMS 0x0000000081700000| PB 0x0000000081700000| Untracked |  0
|   2|0x0000000081800000, 0x0000000081900000, 0x0000000081900000|100%| O|  |TAMS 0x0000000081800000| PB 0x0000000081800000| Untracked |  0
|   3|0x0000000081900000, 0x0000000081a00000, 0x0000000081a00000|100%| O|  |TAMS 0x0000000081900000| PB 0x0000000081900000| Untracked |  0
|   4|0x0000000081a00000, 0x0000000081b00000, 0x0000000081b00000|100%| O|  |TAMS 0x0000000081a00000| PB 0x0000000081a00000| Untracked |  0
|   5|0x0000000081b00000, 0x0000000081c00000, 0x0000000081c00000|100%| O|  |TAMS 0x0000000081b00000| PB 0x0000000081b00000| Untracked |  0
|   6|0x0000000081c00000, 0x0000000081c13dc0, 0x0000000081d00000|  7%| O|  |TAMS 0x0000000081c00000| PB 0x0000000081c00000| Untracked |  0
|   7|0x0000000081d00000, 0x0000000081d00000, 0x0000000081e00000|  0%| F|  |TAMS 0x0000000081d00000| PB 0x0000000081d00000| Untracked |  0
|   8|0x0000000081e00000, 0x0000000081e00000, 0x0000000081f00000|  0%| F|  |TAMS 0x0000000081e00000| PB 0x0000000081e00000| Untracked |  0
|   9|0x0000000081f00000, 0x0000000081f00000, 0x0000000082000000|  0%| F|  |TAMS 0x0000000081f00000| PB 0x0000000081f00000| Untracked |  0
|  10|0x0000000082000000, 0x0000000082000000, 0x0000000082100000|  0%| F|  |TAMS 0x0000000082000000| PB 0x0000000082000000| Untracked |  0
|  11|0x0000000082100000, 0x0000000082100000, 0x0000000082200000|  0%| F|  |TAMS 0x0000000082100000| PB 0x0000000082100000| Untracked |  0
|  12|0x0000000082200000, 0x0000000082200000, 0x0000000082300000|  0%| F|  |TAMS 0x0000000082200000| PB 0x0000000082200000| Untracked |  0
|  13|0x0000000082300000, 0x0000000082300000, 0x0000000082400000|  0%| F|  |TAMS 0x0000000082300000| PB 0x0000000082300000| Untracked |  0
|  14|0x0000000082400000, 0x0000000082400000, 0x0000000082500000|  0%| F|  |TAMS 0x0000000082400000| PB 0x0000000082400000| Untracked |  0
|  15|0x0000000082500000, 0x0000000082500000, 0x0000000082600000|  0%| F|  |TAMS 0x0000000082500000| PB 0x0000000082500000| Untracked |  0
|  16|0x0000000082600000, 0x0000000082600000, 0x0000000082700000|  0%| F|  |TAMS 0x0000000082600000| PB 0x0000000082600000| Untracked |  0
|  17|0x0000000082700000, 0x0000000082700000, 0x0000000082800000|  0%| F|  |TAMS 0x0000000082700000| PB 0x0000000082700000| Untracked |  0
|  18|0x0000000082800000, 0x0000000082800000, 0x0000000082900000|  0%| F|  |TAMS 0x0000000082800000| PB 0x0000000082800000| Untracked |  0
|  19|0x0000000082900000, 0x0000000082900000, 0x0000000082a00000|  0%| F|  |TAMS 0x0000000082900000| PB 0x0000000082900000| Untracked |  0
|  20|0x0000000082a00000, 0x0000000082a00000, 0x0000000082b00000|  0%| F|  |TAMS 0x0000000082a00000| PB 0x0000000082a00000| Untracked |  0
|  21|0x0000000082b00000, 0x0000000082b00000, 0x0000000082c00000|  0%| F|  |TAMS 0x0000000082b00000| PB 0x0000000082b00000| Untracked |  0
|  22|0x0000000082c00000, 0x0000000082c00000, 0x0000000082d00000|  0%| F|  |TAMS 0x0000000082c00000| PB 0x0000000082c00000| Untracked |  0
|  23|0x0000000082d00000, 0x0000000082d00000, 0x0000000082e00000|  0%| F|  |TAMS 0x0000000082d00000| PB 0x0000000082d00000| Untracked |  0
|  24|0x0000000082e00000, 0x0000000082e00000, 0x0000000082f00000|  0%| F|  |TAMS 0x0000000082e00000| PB 0x0000000082e00000| Untracked |  0
|  25|0x0000000082f00000, 0x0000000082f00000, 0x0000000083000000|  0%| F|  |TAMS 0x0000000082f00000| PB 0x0000000082f00000| Untracked |  0
|  26|0x0000000083000000, 0x0000000083000000, 0x0000000083100000|  0%| F|  |TAMS 0x0000000083000000| PB 0x0000000083000000| Untracked |  0
|  27|0x0000000083100000, 0x0000000083100000, 0x0000000083200000|  0%| F|  |TAMS 0x0000000083100000| PB 0x0000000083100000| Untracked |  0
|  28|0x0000000083200000, 0x0000000083200000, 0x0000000083300000|  0%| F|  |TAMS 0x0000000083200000| PB 0x0000000083200000| Untracked |  0
|  29|0x0000000083300000, 0x0000000083300000, 0x0000000083400000|  0%| F|  |TAMS 0x0000000083300000| PB 0x0000000083300000| Untracked |  0
|  30|0x0000000083400000, 0x0000000083400000, 0x0000000083500000|  0%| F|  |TAMS 0x0000000083400000| PB 0x0000000083400000| Untracked |  0
|  31|0x0000000083500000, 0x0000000083500000, 0x0000000083600000|  0%| F|  |TAMS 0x0000000083500000| PB 0x0000000083500000| Untracked |  0
|  32|0x0000000083600000, 0x0000000083600000, 0x0000000083700000|  0%| F|  |TAMS 0x0000000083600000| PB 0x0000000083600000| Untracked |  0
|  33|0x0000000083700000, 0x0000000083700000, 0x0000000083800000|  0%| F|  |TAMS 0x0000000083700000| PB 0x0000000083700000| Untracked |  0
|  34|0x0000000083800000, 0x0000000083800000, 0x0000000083900000|  0%| F|  |TAMS 0x0000000083800000| PB 0x0000000083800000| Untracked |  0
|  35|0x0000000083900000, 0x0000000083900000, 0x0000000083a00000|  0%| F|  |TAMS 0x0000000083900000| PB 0x0000000083900000| Untracked |  0
|  36|0x0000000083a00000, 0x0000000083a00000, 0x0000000083b00000|  0%| F|  |TAMS 0x0000000083a00000| PB 0x0000000083a00000| Untracked |  0
|  37|0x0000000083b00000, 0x0000000083b00000, 0x0000000083c00000|  0%| F|  |TAMS 0x0000000083b00000| PB 0x0000000083b00000| Untracked |  0
|  38|0x0000000083c00000, 0x0000000083c00000, 0x0000000083d00000|  0%| F|  |TAMS 0x0000000083c00000| PB 0x0000000083c00000| Untracked |  0
|  39|0x0000000083d00000, 0x0000000083d00000, 0x0000000083e00000|  0%| F|  |TAMS 0x0000000083d00000| PB 0x0000000083d00000| Untracked |  0
|  40|0x0000000083e00000, 0x0000000083e00000, 0x0000000083f00000|  0%| F|  |TAMS 0x0000000083e00000| PB 0x0000000083e00000| Untracked |  0
|  41|0x0000000083f00000, 0x0000000083f00000, 0x0000000084000000|  0%| F|  |TAMS 0x0000000083f00000| PB 0x0000000083f00000| Untracked |  0
|  42|0x0000000084000000, 0x0000000084000000, 0x0000000084100000|  0%| F|  |TAMS 0x0000000084000000| PB 0x0000000084000000| Untracked |  0
|  43|0x0000000084100000, 0x0000000084100000, 0x0000000084200000|  0%| F|  |TAMS 0x0000000084100000| PB 0x0000000084100000| Untracked |  0
|  44|0x0000000084200000, 0x0000000084200000, 0x0000000084300000|  0%| F|  |TAMS 0x0000000084200000| PB 0x0000000084200000| Untracked |  0
|  45|0x0000000084300000, 0x0000000084300000, 0x0000000084400000|  0%| F|  |TAMS 0x0000000084300000| PB 0x0000000084300000| Untracked |  0
|  46|0x0000000084400000, 0x0000000084400000, 0x0000000084500000|  0%| F|  |TAMS 0x0000000084400000| PB 0x0000000084400000| Untracked |  0
|  47|0x0000000084500000, 0x0000000084500000, 0x0000000084600000|  0%| F|  |TAMS 0x0000000084500000| PB 0x0000000084500000| Untracked |  0
|  48|0x0000000084600000, 0x0000000084600000, 0x0000000084700000|  0%| F|  |TAMS 0x0000000084600000| PB 0x0000000084600000| Untracked |  0
|  49|0x0000000084700000, 0x0000000084700000, 0x0000000084800000|  0%| F|  |TAMS 0x0000000084700000| PB 0x0000000084700000| Untracked |  0
|  50|0x0000000084800000, 0x0000000084800000, 0x0000000084900000|  0%| F|  |TAMS 0x0000000084800000| PB 0x0000000084800000| Untracked |  0
|  51|0x0000000084900000, 0x0000000084900000, 0x0000000084a00000|  0%| F|  |TAMS 0x0000000084900000| PB 0x0000000084900000| Untracked |  0
|  52|0x0000000084a00000, 0x0000000084a00000, 0x0000000084b00000|  0%| F|  |TAMS 0x0000000084a00000| PB 0x0000000084a00000| Untracked |  0
|  53|0x0000000084b00000, 0x0000000084b00000, 0x0000000084c00000|  0%| F|  |TAMS 0x0000000084b00000| PB 0x0000000084b00000| Untracked |  0
|  54|0x0000000084c00000, 0x0000000084c00000, 0x0000000084d00000|  0%| F|  |TAMS 0x0000000084c00000| PB 0x0000000084c00000| Untracked |  0
|  55|0x0000000084d00000, 0x0000000084d00000, 0x0000000084e00000|  0%| F|  |TAMS 0x0000000084d00000| PB 0x0000000084d00000| Untracked |  0
|  56|0x0000000084e00000, 0x0000000084e00000, 0x0000000084f00000|  0%| F|  |TAMS 0x0000000084e00000| PB 0x0000000084e00000| Untracked |  0
|  57|0x0000000084f00000, 0x0000000084f00000, 0x0000000085000000|  0%| F|  |TAMS 0x0000000084f00000| PB 0x0000000084f00000| Untracked |  0
|  58|0x0000000085000000, 0x0000000085000000, 0x0000000085100000|  0%| F|  |TAMS 0x0000000085000000| PB 0x0000000085000000| Untracked |  0
|  59|0x0000000085100000, 0x0000000085100000, 0x0000000085200000|  0%| F|  |TAMS 0x0000000085100000| PB 0x0000000085100000| Untracked |  0
|  60|0x0000000085200000, 0x0000000085200000, 0x0000000085300000|  0%| F|  |TAMS 0x0000000085200000| PB 0x0000000085200000| Untracked |  0
|  61|0x0000000085300000, 0x0000000085300000, 0x0000000085400000|  0%| F|  |TAMS 0x0000000085300000| PB 0x0000000085300000| Untracked |  0
|  62|0x0000000085400000, 0x0000000085400000, 0x0000000085500000|  0%| F|  |TAMS 0x0000000085400000| PB 0x0000000085400000| Untracked |  0
|  63|0x0000000085500000, 0x0000000085500000, 0x0000000085600000|  0%| F|  |TAMS 0x0000000085500000| PB 0x0000000085500000| Untracked |  0
|  64|0x0000000085600000, 0x0000000085600000, 0x0000000085700000|  0%| F|  |TAMS 0x0000000085600000| PB 0x0000000085600000| Untracked |  0
|  65|0x0000000085700000, 0x0000000085700000, 0x0000000085800000|  0%| F|  |TAMS 0x0000000085700000| PB 0x0000000085700000| Untracked |  0
|  66|0x0000000085800000, 0x0000000085800000, 0x0000000085900000|  0%| F|  |TAMS 0x0000000085800000| PB 0x0000000085800000| Untracked |  0
|  67|0x0000000085900000, 0x0000000085900000, 0x0000000085a00000|  0%| F|  |TAMS 0x0000000085900000| PB 0x0000000085900000| Untracked |  0
|  68|0x0000000085a00000, 0x0000000085a00000, 0x0000000085b00000|  0%| F|  |TAMS 0x0000000085a00000| PB 0x0000000085a00000| Untracked |  0
|  69|0x0000000085b00000, 0x0000000085b00000, 0x0000000085c00000|  0%| F|  |TAMS 0x0000000085b00000| PB 0x0000000085b00000| Untracked |  0
|  70|0x0000000085c00000, 0x0000000085c00000, 0x0000000085d00000|  0%| F|  |TAMS 0x0000000085c00000| PB 0x0000000085c00000| Untracked |  0
|  71|0x0000000085d00000, 0x0000000085d00000, 0x0000000085e00000|  0%| F|  |TAMS 0x0000000085d00000| PB 0x0000000085d00000| Untracked |  0
|  72|0x0000000085e00000, 0x0000000085e00000, 0x0000000085f00000|  0%| F|  |TAMS 0x0000000085e00000| PB 0x0000000085e00000| Untracked |  0
|  73|0x0000000085f00000, 0x0000000085f00000, 0x0000000086000000|  0%| F|  |TAMS 0x0000000085f00000| PB 0x0000000085f00000| Untracked |  0
|  74|0x0000000086000000, 0x0000000086000000, 0x0000000086100000|  0%| F|  |TAMS 0x0000000086000000| PB 0x0000000086000000| Untracked |  0
|  75|0x0000000086100000, 0x0000000086100000, 0x0000000086200000|  0%| F|  |TAMS 0x0000000086100000| PB 0x0000000086100000| Untracked |  0
|  76|0x0000000086200000, 0x0000000086200000, 0x0000000086300000|  0%| F|  |TAMS 0x0000000086200000| PB 0x0000000086200000| Untracked |  0
|  77|0x0000000086300000, 0x0000000086300000, 0x0000000086400000|  0%| F|  |TAMS 0x0000000086300000| PB 0x0000000086300000| Untracked |  0
|  78|0x0000000086400000, 0x0000000086400000, 0x0000000086500000|  0%| F|  |TAMS 0x0000000086400000| PB 0x0000000086400000| Untracked |  0
|  79|0x0000000086500000, 0x0000000086500000, 0x0000000086600000|  0%| F|  |TAMS 0x0000000086500000| PB 0x0000000086500000| Untracked |  0
|  80|0x0000000086600000, 0x0000000086600000, 0x0000000086700000|  0%| F|  |TAMS 0x0000000086600000| PB 0x0000000086600000| Untracked |  0
|  81|0x0000000086700000, 0x0000000086700000, 0x0000000086800000|  0%| F|  |TAMS 0x0000000086700000| PB 0x0000000086700000| Untracked |  0
|  82|0x0000000086800000, 0x0000000086800000, 0x0000000086900000|  0%| F|  |TAMS 0x0000000086800000| PB 0x0000000086800000| Untracked |  0
|  83|0x0000000086900000, 0x0000000086900000, 0x0000000086a00000|  0%| F|  |TAMS 0x0000000086900000| PB 0x0000000086900000| Untracked |  0
|  84|0x0000000086a00000, 0x0000000086a00000, 0x0000000086b00000|  0%| F|  |TAMS 0x0000000086a00000| PB 0x0000000086a00000| Untracked |  0
|  85|0x0000000086b00000, 0x0000000086b00000, 0x0000000086c00000|  0%| F|  |TAMS 0x0000000086b00000| PB 0x0000000086b00000| Untracked |  0
|  86|0x0000000086c00000, 0x0000000086c00000, 0x0000000086d00000|  0%| F|  |TAMS 0x0000000086c00000| PB 0x0000000086c00000| Untracked |  0
|  87|0x0000000086d00000, 0x0000000086df1e80, 0x0000000086e00000| 94%| S|CS|TAMS 0x0000000086d00000| PB 0x0000000086d00000| Complete |  0
|  88|0x0000000086e00000, 0x0000000086f00000, 0x0000000086f00000|100%| S|CS|TAMS 0x0000000086e00000| PB 0x0000000086e00000| Complete |  0
|  89|0x0000000086f00000, 0x0000000087000000, 0x0000000087000000|100%| S|CS|TAMS 0x0000000086f00000| PB 0x0000000086f00000| Complete |  0
|  90|0x0000000087000000, 0x0000000087100000, 0x0000000087100000|100%| S|CS|TAMS 0x0000000087000000| PB 0x0000000087000000| Complete |  0
|  91|0x0000000087100000, 0x0000000087200000, 0x0000000087200000|100%| S|CS|TAMS 0x0000000087100000| PB 0x0000000087100000| Complete |  0
|  92|0x0000000087200000, 0x0000000087200000, 0x0000000087300000|  0%| F|  |TAMS 0x0000000087200000| PB 0x0000000087200000| Untracked |  0
|  93|0x0000000087300000, 0x0000000087300000, 0x0000000087400000|  0%| F|  |TAMS 0x0000000087300000| PB 0x0000000087300000| Untracked |  0
|  94|0x0000000087400000, 0x0000000087400000, 0x0000000087500000|  0%| F|  |TAMS 0x0000000087400000| PB 0x0000000087400000| Untracked |  0
|  95|0x0000000087500000, 0x0000000087500000, 0x0000000087600000|  0%| F|  |TAMS 0x0000000087500000| PB 0x0000000087500000| Untracked |  0
|  96|0x0000000087600000, 0x0000000087600000, 0x0000000087700000|  0%| F|  |TAMS 0x0000000087600000| PB 0x0000000087600000| Untracked |  0
|  97|0x0000000087700000, 0x0000000087700000, 0x0000000087800000|  0%| F|  |TAMS 0x0000000087700000| PB 0x0000000087700000| Untracked |  0
|  98|0x0000000087800000, 0x0000000087800000, 0x0000000087900000|  0%| F|  |TAMS 0x0000000087800000| PB 0x0000000087800000| Untracked |  0
|  99|0x0000000087900000, 0x0000000087900000, 0x0000000087a00000|  0%| F|  |TAMS 0x0000000087900000| PB 0x0000000087900000| Untracked |  0
| 100|0x0000000087a00000, 0x0000000087a00000, 0x0000000087b00000|  0%| F|  |TAMS 0x0000000087a00000| PB 0x0000000087a00000| Untracked |  0
| 101|0x0000000087b00000, 0x0000000087b00000, 0x0000000087c00000|  0%| F|  |TAMS 0x0000000087b00000| PB 0x0000000087b00000| Untracked |  0
| 102|0x0000000087c00000, 0x0000000087c00000, 0x0000000087d00000|  0%| F|  |TAMS 0x0000000087c00000| PB 0x0000000087c00000| Untracked |  0
| 103|0x0000000087d00000, 0x0000000087d00000, 0x0000000087e00000|  0%| F|  |TAMS 0x0000000087d00000| PB 0x0000000087d00000| Untracked |  0
| 104|0x0000000087e00000, 0x0000000087e00000, 0x0000000087f00000|  0%| F|  |TAMS 0x0000000087e00000| PB 0x0000000087e00000| Untracked |  0
| 105|0x0000000087f00000, 0x0000000087f00000, 0x0000000088000000|  0%| F|  |TAMS 0x0000000087f00000| PB 0x0000000087f00000| Untracked |  0
| 106|0x0000000088000000, 0x0000000088000000, 0x0000000088100000|  0%| F|  |TAMS 0x0000000088000000| PB 0x0000000088000000| Untracked |  0
| 107|0x0000000088100000, 0x0000000088100000, 0x0000000088200000|  0%| F|  |TAMS 0x0000000088100000| PB 0x0000000088100000| Untracked |  0
| 108|0x0000000088200000, 0x0000000088200000, 0x0000000088300000|  0%| F|  |TAMS 0x0000000088200000| PB 0x0000000088200000| Untracked |  0
| 109|0x0000000088300000, 0x0000000088300000, 0x0000000088400000|  0%| F|  |TAMS 0x0000000088300000| PB 0x0000000088300000| Untracked |  0
| 110|0x0000000088400000, 0x0000000088400000, 0x0000000088500000|  0%| F|  |TAMS 0x0000000088400000| PB 0x0000000088400000| Untracked |  0
| 111|0x0000000088500000, 0x0000000088500000, 0x0000000088600000|  0%| F|  |TAMS 0x0000000088500000| PB 0x0000000088500000| Untracked |  0
| 112|0x0000000088600000, 0x0000000088600000, 0x0000000088700000|  0%| F|  |TAMS 0x0000000088600000| PB 0x0000000088600000| Untracked |  0
| 113|0x0000000088700000, 0x0000000088700000, 0x0000000088800000|  0%| F|  |TAMS 0x0000000088700000| PB 0x0000000088700000| Untracked |  0
| 114|0x0000000088800000, 0x0000000088800000, 0x0000000088900000|  0%| F|  |TAMS 0x0000000088800000| PB 0x0000000088800000| Untracked |  0
| 115|0x0000000088900000, 0x0000000088900000, 0x0000000088a00000|  0%| F|  |TAMS 0x0000000088900000| PB 0x0000000088900000| Untracked |  0
| 116|0x0000000088a00000, 0x0000000088a00000, 0x0000000088b00000|  0%| F|  |TAMS 0x0000000088a00000| PB 0x0000000088a00000| Untracked |  0
| 117|0x0000000088b00000, 0x0000000088b00000, 0x0000000088c00000|  0%| F|  |TAMS 0x0000000088b00000| PB 0x0000000088b00000| Untracked |  0
| 118|0x0000000088c00000, 0x0000000088c00000, 0x0000000088d00000|  0%| F|  |TAMS 0x0000000088c00000| PB 0x0000000088c00000| Untracked |  0
| 119|0x0000000088d00000, 0x0000000088d7d538, 0x0000000088e00000| 48%| E|  |TAMS 0x0000000088d00000| PB 0x0000000088d00000| Complete |  0
| 120|0x0000000088e00000, 0x0000000088f00000, 0x0000000088f00000|100%| E|CS|TAMS 0x0000000088e00000| PB 0x0000000088e00000| Complete |  0
| 121|0x0000000088f00000, 0x0000000089000000, 0x0000000089000000|100%| E|CS|TAMS 0x0000000088f00000| PB 0x0000000088f00000| Complete |  0
| 122|0x0000000089000000, 0x0000000089100000, 0x0000000089100000|100%| E|CS|TAMS 0x0000000089000000| PB 0x0000000089000000| Complete |  0
| 123|0x0000000089100000, 0x0000000089200000, 0x0000000089200000|100%| E|CS|TAMS 0x0000000089100000| PB 0x0000000089100000| Complete |  0
| 124|0x0000000089200000, 0x0000000089300000, 0x0000000089300000|100%| E|CS|TAMS 0x0000000089200000| PB 0x0000000089200000| Complete |  0
| 125|0x0000000089300000, 0x0000000089400000, 0x0000000089400000|100%| E|  |TAMS 0x0000000089300000| PB 0x0000000089300000| Complete |  0
| 126|0x0000000089400000, 0x0000000089500000, 0x0000000089500000|100%| E|CS|TAMS 0x0000000089400000| PB 0x0000000089400000| Complete |  0
| 127|0x0000000089500000, 0x0000000089600000, 0x0000000089600000|100%| E|CS|TAMS 0x0000000089500000| PB 0x0000000089500000| Complete |  0

Card table byte_map: [0x000001bf74080000,0x000001bf74480000] _byte_map_base: 0x000001bf73c75000

Marking Bits: (CMBitMap*) 0x000001bf69b6a7d0
 Bits: [0x000001bf74480000, 0x000001bf76428000)

Polling page: 0x000001bf698a0000

Metaspace:

Usage:
  Non-class:     16.52 MB used.
      Class:      2.30 MB used.
       Both:     18.82 MB used.

Virtual space:
  Non-class space:       64.00 MB reserved,      16.63 MB ( 26%) committed,  1 nodes.
      Class space:        1.00 GB reserved,       2.44 MB ( <1%) committed,  1 nodes.
             Both:        1.06 GB reserved,      19.06 MB (  2%) committed. 

Chunk freelists:
   Non-Class:  14.92 MB
       Class:  13.58 MB
        Both:  28.50 MB

MaxMetaspaceSize: unlimited
CompressedClassSpaceSize: 1.00 GB
Initial GC threshold: 21.00 MB
Current GC threshold: 21.00 MB
CDS: on
 - commit_granule_bytes: 65536.
 - commit_granule_words: 8192.
 - virtual_space_node_default_size: 8388608.
 - enlarge_chunks_in_place: 1.
 - use_allocation_guard: 0.


Internal statistics:

num_allocs_failed_limit: 0.
num_arena_births: 258.
num_arena_deaths: 0.
num_vsnodes_births: 2.
num_vsnodes_deaths: 0.
num_space_committed: 305.
num_space_uncommitted: 0.
num_chunks_returned_to_freelist: 0.
num_chunks_taken_from_freelist: 860.
num_chunk_merges: 0.
num_chunk_splits: 573.
num_chunks_enlarged: 428.
num_inconsistent_stats: 0.

CodeHeap 'non-profiled nmethods': size=120000Kb used=1094Kb max_used=1094Kb free=118905Kb
 bounds [0x000001bf07ad0000, 0x000001bf07d40000, 0x000001bf0f000000]
CodeHeap 'profiled nmethods': size=120000Kb used=4654Kb max_used=4654Kb free=115345Kb
 bounds [0x000001bf00000000, 0x000001bf00490000, 0x000001bf07530000]
CodeHeap 'non-nmethods': size=5760Kb used=1439Kb max_used=1476Kb free=4320Kb
 bounds [0x000001bf07530000, 0x000001bf077a0000, 0x000001bf07ad0000]
 total_blobs=3024 nmethods=2496 adapters=432
 compilation: enabled
              stopped_count=0, restarted_count=0
 full_count=0

Compilation events (20 events):
Event: 1.417 Thread 0x000001bf78a35e20 2486       3       java.util.stream.ReferencePipeline$3$1::<init> (11 bytes)
Event: 1.418 Thread 0x000001bf78a35e20 nmethod 2486 0x000001bf00488590 code [0x000001bf00488760, 0x000001bf00488c28]
Event: 1.418 Thread 0x000001bf78a35e20 2487   !   3       java.security.AccessController::doPrivileged (22 bytes)
Event: 1.418 Thread 0x000001bf78a25560 2488       4       java.io.WinNTFileSystem::normalize (148 bytes)
Event: 1.418 Thread 0x000001bf78a35e20 nmethod 2487 0x000001bf00488d90 code [0x000001bf00488fa0, 0x000001bf00489480]
Event: 1.418 Thread 0x000001bf78a35e20 2489       1       org.springframework.core.annotation.AnnotationFilter$1::matches (2 bytes)
Event: 1.418 Thread 0x000001bf78a35e20 nmethod 2489 0x000001bf07be0290 code [0x000001bf07be0420, 0x000001bf07be04e8]
Event: 1.418 Thread 0x000001bf78a35e20 2490       3       org.springframework.core.io.ClassPathResource::getClassLoader (22 bytes)
Event: 1.418 Thread 0x000001bf78a35e20 nmethod 2490 0x000001bf00489710 code [0x000001bf004898e0, 0x000001bf00489be8]
Event: 1.418 Thread 0x000001bf78a35e20 2491       3       java.lang.Runtime$Version::feature (17 bytes)
Event: 1.419 Thread 0x000001bf78a35e20 nmethod 2491 0x000001bf00489d10 code [0x000001bf00489ec0, 0x000001bf0048a190]
Event: 1.419 Thread 0x000001bf78a35e20 2492       3       org.springframework.core.annotation.MergedAnnotations::of (5 bytes)
Event: 1.419 Thread 0x000001bf78a35e20 nmethod 2492 0x000001bf0048a290 code [0x000001bf0048a480, 0x000001bf0048a8d0]
Event: 1.419 Thread 0x000001bf78a35e20 2494       3       java.util.concurrent.ConcurrentHashMap$ValueIterator::<init> (12 bytes)
Event: 1.419 Thread 0x000001bf78a35e20 nmethod 2494 0x000001bf0048aa90 code [0x000001bf0048ac40, 0x000001bf0048ad78]
Event: 1.419 Thread 0x000001bf78a35e20 2493       3       org.springframework.core.annotation.MergedAnnotationsCollection::of (28 bytes)
Event: 1.419 Thread 0x000001bf78a35e20 nmethod 2493 0x000001bf0048ae10 code [0x000001bf0048b000, 0x000001bf0048b420]
Event: 1.419 Thread 0x000001bf78a35e20 2495       3       java.lang.Character::isLetter (5 bytes)
Event: 1.420 Thread 0x000001bf78a35e20 nmethod 2495 0x000001bf0048b590 code [0x000001bf0048b760, 0x000001bf0048ba70]
Event: 1.420 Thread 0x000001bf78a35e20 2496       3       org.springframework.asm.ClassReader::readMethod (1061 bytes)

GC Heap History (6 events):
Event: 0.460 GC heap before
{Heap before GC invocations=0 (full 0):
 garbage-first heap   total reserved 2074624K, committed 131072K, used 14336K [0x0000000081600000, 0x0000000100000000)
  region size 1024K, 14 young (14336K), 0 survivors (0K)
 Metaspace       used 3859K, committed 4032K, reserved 1114112K
  class space    used 429K, committed 512K, reserved 1048576K
}
Event: 0.464 GC heap after
{Heap after GC invocations=1 (full 0):
 garbage-first heap   total reserved 2074624K, committed 131072K, used 6106K [0x0000000081600000, 0x0000000100000000)
  region size 1024K, 2 young (2048K), 2 survivors (2048K)
 Metaspace       used 3859K, committed 4032K, reserved 1114112K
  class space    used 429K, committed 512K, reserved 1048576K
}
Event: 0.783 GC heap before
{Heap before GC invocations=1 (full 0):
 garbage-first heap   total reserved 2074624K, committed 131072K, used 20442K [0x0000000081600000, 0x0000000100000000)
  region size 1024K, 16 young (16384K), 2 survivors (2048K)
 Metaspace       used 7690K, committed 8000K, reserved 1114112K
  class space    used 943K, committed 1088K, reserved 1048576K
}
Event: 0.787 GC heap after
{Heap after GC invocations=2 (full 0):
 garbage-first heap   total reserved 2074624K, committed 131072K, used 7753K [0x0000000081600000, 0x0000000100000000)
  region size 1024K, 2 young (2048K), 2 survivors (2048K)
 Metaspace       used 7690K, committed 8000K, reserved 1114112K
  class space    used 943K, committed 1088K, reserved 1048576K
}
Event: 1.284 GC heap before
{Heap before GC invocations=2 (full 0):
 garbage-first heap   total reserved 2074624K, committed 131072K, used 41545K [0x0000000081600000, 0x0000000100000000)
  region size 1024K, 36 young (36864K), 2 survivors (2048K)
 Metaspace       used 18158K, committed 18496K, reserved 1114112K
  class space    used 2235K, committed 2368K, reserved 1048576K
}
Event: 1.290 GC heap after
{Heap after GC invocations=3 (full 0):
 garbage-first heap   total reserved 2074624K, committed 131072K, used 11287K [0x0000000081600000, 0x0000000100000000)
  region size 1024K, 5 young (5120K), 5 survivors (5120K)
 Metaspace       used 18158K, committed 18496K, reserved 1114112K
  class space    used 2235K, committed 2368K, reserved 1048576K
}

Dll operation events (8 events):
Event: 0.010 Loaded shared library C:\Program Files\Java\jdk-22\bin\java.dll
Event: 0.058 Loaded shared library C:\Program Files\Java\jdk-22\bin\jsvml.dll
Event: 0.145 Loaded shared library C:\Program Files\Java\jdk-22\bin\net.dll
Event: 0.147 Loaded shared library C:\Program Files\Java\jdk-22\bin\nio.dll
Event: 0.150 Loaded shared library C:\Program Files\Java\jdk-22\bin\zip.dll
Event: 0.244 Loaded shared library C:\Program Files\Java\jdk-22\bin\jimage.dll
Event: 0.857 Loaded shared library C:\Program Files\Java\jdk-22\bin\le.dll
Event: 1.278 Loaded shared library C:\Program Files\Java\jdk-22\bin\sunmscapi.dll

Deoptimization events (20 events):
Event: 1.366 Thread 0x000001bf69937ba0 DEOPT PACKING pc=0x000001bf003c2a67 sp=0x00000085bb7fbd20
Event: 1.366 Thread 0x000001bf69937ba0 DEOPT UNPACKING pc=0x000001bf07584e42 sp=0x00000085bb7fb208 mode 0
Event: 1.375 Thread 0x000001bf69937ba0 Uncommon trap: trap_request=0xffffff45 fr.pc=0x000001bf07b436e4 relative=0x0000000000000c04
Event: 1.375 Thread 0x000001bf69937ba0 Uncommon trap: reason=unstable_if action=reinterpret pc=0x000001bf07b436e4 method=jdk.internal.org.objectweb.asm.SymbolTable.put(Ljdk/internal/org/objectweb/asm/SymbolTable$Entry;)Ljdk/internal/org/objectweb/asm/SymbolTable$Entry; @ 13 c2
Event: 1.375 Thread 0x000001bf69937ba0 DEOPT PACKING pc=0x000001bf07b436e4 sp=0x00000085bb7fce70
Event: 1.375 Thread 0x000001bf69937ba0 DEOPT UNPACKING pc=0x000001bf075846a2 sp=0x00000085bb7fcda8 mode 2
Event: 1.378 Thread 0x000001bf69937ba0 Uncommon trap: trap_request=0xffffffd6 fr.pc=0x000001bf07baa308 relative=0x0000000000000d28
Event: 1.378 Thread 0x000001bf69937ba0 Uncommon trap: reason=array_check action=maybe_recompile pc=0x000001bf07baa308 method=org.springframework.boot.context.properties.source.ConfigurationPropertyName.getElement(ILorg/springframework/boot/context/properties/source/ConfigurationPropertyName$Fo
Event: 1.378 Thread 0x000001bf69937ba0 DEOPT PACKING pc=0x000001bf07baa308 sp=0x00000085bb7fe190
Event: 1.378 Thread 0x000001bf69937ba0 DEOPT UNPACKING pc=0x000001bf075846a2 sp=0x00000085bb7fe168 mode 2
Event: 1.417 Thread 0x000001bf69937ba0 Uncommon trap: trap_request=0xffffff45 fr.pc=0x000001bf07b71210 relative=0x00000000000003d0
Event: 1.418 Thread 0x000001bf69937ba0 Uncommon trap: reason=unstable_if action=reinterpret pc=0x000001bf07b71210 method=java.io.ByteArrayInputStream.read([BII)I @ 35 c2
Event: 1.418 Thread 0x000001bf69937ba0 DEOPT PACKING pc=0x000001bf07b71210 sp=0x00000085bb7fdce0
Event: 1.418 Thread 0x000001bf69937ba0 DEOPT UNPACKING pc=0x000001bf075846a2 sp=0x00000085bb7fdca0 mode 2
Event: 1.418 Thread 0x000001bf69937ba0 Uncommon trap: trap_request=0xffffff45 fr.pc=0x000001bf07b77b34 relative=0x0000000000000b94
Event: 1.418 Thread 0x000001bf69937ba0 Uncommon trap: reason=unstable_if action=reinterpret pc=0x000001bf07b77b34 method=java.util.jar.JarFile.getVersionedEntry(Ljava/lang/String;Ljava/util/jar/JarEntry;)Ljava/util/jar/JarEntry; @ 26 c2
Event: 1.418 Thread 0x000001bf69937ba0 DEOPT PACKING pc=0x000001bf07b77b34 sp=0x00000085bb7fdf60
Event: 1.418 Thread 0x000001bf69937ba0 DEOPT UNPACKING pc=0x000001bf075846a2 sp=0x00000085bb7fdf20 mode 2
Event: 1.418 Thread 0x000001bf69937ba0 DEOPT PACKING pc=0x000001bf003c2a67 sp=0x00000085bb7fddc0
Event: 1.418 Thread 0x000001bf69937ba0 DEOPT UNPACKING pc=0x000001bf07584e42 sp=0x00000085bb7fd2a8 mode 0

Classes loaded (20 events):
Event: 1.271 Loading class javax/security/auth/Subject
Event: 1.271 Loading class javax/security/auth/Subject done
Event: 1.271 Loading class javax/security/auth/callback/CallbackHandler
Event: 1.271 Loading class javax/security/auth/callback/CallbackHandler done
Event: 1.275 Loading class java/lang/Thread$ThreadNumbering
Event: 1.275 Loading class java/lang/Thread$ThreadNumbering done
Event: 1.291 Loading class com/sun/security/sasl/Provider
Event: 1.291 Loading class com/sun/security/sasl/Provider done
Event: 1.291 Loading class com/sun/security/sasl/Provider$1
Event: 1.295 Loading class javax/naming/ldap/LdapContext
Event: 1.295 Loading class com/sun/security/sasl/Provider$1 done
Event: 1.295 Loading class javax/naming/directory/DirContext
Event: 1.295 Loading class com/sun/security/sasl/Provider$ProviderService
Event: 1.295 Loading class com/sun/security/sasl/Provider$ProviderService done
Event: 1.295 Loading class javax/naming/directory/DirContext done
Event: 1.295 Loading class javax/naming/ldap/LdapContext done
Event: 1.295 Loading class sun/security/provider/certpath/ldap/JdkLDAP
Event: 1.295 Loading class sun/security/provider/certpath/ldap/JdkLDAP done
Event: 1.296 Loading class sun/security/provider/certpath/ldap/JdkLDAP$ProviderService
Event: 1.296 Loading class sun/security/provider/certpath/ldap/JdkLDAP$ProviderService done

Classes unloaded (0 events):
No events

Classes redefined (0 events):
No events

Internal exceptions (20 events):
Event: 0.773 Thread 0x000001bf69937ba0 Exception <a 'java/lang/NoSuchMethodError'{0x00000000888973a8}: 'void java.lang.invoke.DirectMethodHandle$Holder.invokeVirtual(java.lang.Object, java.lang.Object, java.lang.Object, java.lang.Object)'> (0x00000000888973a8) 
thrown [s\open\src\hotspot\share\interpreter\linkResolver.cpp, line 774]
Event: 0.813 Thread 0x000001bf69937ba0 Exception <a 'java/lang/NoSuchMethodError'{0x00000000895edcb0}: 'void java.lang.invoke.DirectMethodHandle$Holder.invokeSpecial(java.lang.Object, java.lang.Object, java.lang.Object)'> (0x00000000895edcb0) 
thrown [s\open\src\hotspot\share\interpreter\linkResolver.cpp, line 774]
Event: 0.830 Thread 0x000001bf54f78340 Exception <a 'java/lang/NoClassDefFoundError'{0x0000000089479808}: jakarta/validation/Validation> (0x0000000089479808) 
thrown [s\open\src\hotspot\share\classfile\systemDictionary.cpp, line 302]
Event: 0.832 Thread 0x000001bf69937ba0 Exception <a 'java/lang/IncompatibleClassChangeError'{0x00000000894a71b0}: Found class java.lang.Object, but interface was expected> (0x00000000894a71b0) 
thrown [s\open\src\hotspot\share\interpreter\linkResolver.cpp, line 841]
Event: 0.836 Thread 0x000001bf69937ba0 Exception <a 'java/lang/NoSuchMethodError'{0x00000000894bca98}: 'java.lang.Object java.lang.invoke.DirectMethodHandle$Holder.invokeStaticInit(java.lang.Object, int)'> (0x00000000894bca98) 
thrown [s\open\src\hotspot\share\interpreter\linkResolver.cpp, line 774]
Event: 0.843 Thread 0x000001bf69937ba0 Exception <a 'java/lang/NoSuchMethodError'{0x00000000894c70c0}: 'java.lang.Object java.lang.invoke.DirectMethodHandle$Holder.invokeStatic(java.lang.Object, int, java.lang.Object)'> (0x00000000894c70c0) 
thrown [s\open\src\hotspot\share\interpreter\linkResolver.cpp, line 774]
Event: 0.843 Thread 0x000001bf69937ba0 Exception <a 'java/lang/NoSuchMethodError'{0x00000000894ca740}: 'java.lang.Object java.lang.invoke.DirectMethodHandle$Holder.invokeStaticInit(java.lang.Object, int, java.lang.Object)'> (0x00000000894ca740) 
thrown [s\open\src\hotspot\share\interpreter\linkResolver.cpp, line 774]
Event: 0.853 Thread 0x000001bf69937ba0 Exception <a 'sun/nio/fs/WindowsException'{0x00000000893c0730}> (0x00000000893c0730) 
thrown [s\open\src\hotspot\share\prims\jni.cpp, line 520]
Event: 0.860 Thread 0x000001bf69937ba0 Exception <a 'jdk/internal/org/jline/terminal/impl/jna/LastErrorException'{0x00000000893cce50}> (0x00000000893cce50) 
thrown [s\open\src\hotspot\share\prims\jni.cpp, line 520]
Event: 0.860 Thread 0x000001bf69937ba0 Exception <a 'jdk/internal/org/jline/terminal/impl/jna/LastErrorException'{0x00000000893cd510}> (0x00000000893cd510) 
thrown [s\open\src\hotspot\share\prims\jni.cpp, line 520]
Event: 0.860 Thread 0x000001bf69937ba0 Exception <a 'jdk/internal/org/jline/terminal/impl/jna/LastErrorException'{0x00000000893cdb80}> (0x00000000893cdb80) 
thrown [s\open\src\hotspot\share\prims\jni.cpp, line 520]
Event: 1.180 Thread 0x000001bf54f78340 Exception <a 'java/lang/NoSuchMethodError'{0x0000000087877d20}: 'long java.lang.invoke.DirectMethodHandle$Holder.invokeSpecial(java.lang.Object, java.lang.Object)'> (0x0000000087877d20) 
thrown [s\open\src\hotspot\share\interpreter\linkResolver.cpp, line 774]
Event: 1.181 Thread 0x000001bf54f78340 Exception <a 'java/lang/NoSuchMethodError'{0x00000000878c9f20}: 'long java.lang.invoke.DirectMethodHandle$Holder.invokeStatic(java.lang.Object, java.lang.Object)'> (0x00000000878c9f20) 
thrown [s\open\src\hotspot\share\interpreter\linkResolver.cpp, line 774]
Event: 1.181 Thread 0x000001bf54f78340 Exception <a 'java/lang/NoSuchMethodError'{0x00000000878cd008}: 'long java.lang.invoke.DirectMethodHandle$Holder.invokeStaticInit(java.lang.Object, java.lang.Object)'> (0x00000000878cd008) 
thrown [s\open\src\hotspot\share\interpreter\linkResolver.cpp, line 774]
Event: 1.183 Thread 0x000001bf54f78340 Exception <a 'java/lang/NoSuchMethodError'{0x00000000878d9200}: 'long java.lang.invoke.DirectMethodHandle$Holder.invokeInterface(java.lang.Object, java.lang.Object)'> (0x00000000878d9200) 
thrown [s\open\src\hotspot\share\interpreter\linkResolver.cpp, line 774]
Event: 1.183 Thread 0x000001bf54f78340 Exception <a 'java/lang/IncompatibleClassChangeError'{0x00000000878dc210}: Found class java.lang.Object, but interface was expected> (0x00000000878dc210) 
thrown [s\open\src\hotspot\share\interpreter\linkResolver.cpp, line 841]
Event: 1.185 Thread 0x000001bf54f78340 Exception <a 'java/lang/NoSuchMethodError'{0x00000000878f17d0}: 'java.lang.Object java.lang.invoke.DirectMethodHandle$Holder.invokeVirtual(java.lang.Object, java.lang.Object, java.lang.Object, java.lang.Object)'> (0x00000000878f17d0) 
thrown [s\open\src\hotspot\share\interpreter\linkResolver.cpp, line 774]
Event: 1.197 Thread 0x000001bf69937ba0 Exception <a 'java/lang/NoSuchMethodError'{0x00000000877b5500}: 'int java.lang.invoke.DirectMethodHandle$Holder.invokeSpecial(java.lang.Object, java.lang.Object, java.lang.Object, java.lang.Object, java.lang.Object)'> (0x00000000877b5500) 
thrown [s\open\src\hotspot\share\interpreter\linkResolver.cpp, line 774]
Event: 1.199 Thread 0x000001bf69937ba0 Exception <a 'java/lang/NoSuchMethodError'{0x00000000877bd968}: 'void java.lang.invoke.DirectMethodHandle$Holder.invokeVirtual(java.lang.Object, java.lang.Object)'> (0x00000000877bd968) 
thrown [s\open\src\hotspot\share\interpreter\linkResolver.cpp, line 774]
Event: 1.327 Thread 0x000001bf69937ba0 Exception <a 'java/lang/IncompatibleClassChangeError'{0x0000000089252d98}: Found class java.lang.Object, but interface was expected> (0x0000000089252d98) 
thrown [s\open\src\hotspot\share\interpreter\linkResolver.cpp, line 841]

ZGC Phase Switch (0 events):
No events

VM Operations (20 events):
Event: 0.806 Executing VM operation: HandshakeAllThreads (Deoptimize)
Event: 0.806 Executing VM operation: HandshakeAllThreads (Deoptimize) done
Event: 0.811 Executing VM operation: HandshakeAllThreads (Deoptimize)
Event: 0.811 Executing VM operation: HandshakeAllThreads (Deoptimize) done
Event: 0.844 Executing VM operation: HandshakeAllThreads (Deoptimize)
Event: 0.844 Executing VM operation: HandshakeAllThreads (Deoptimize) done
Event: 1.002 Executing VM operation: HandshakeAllThreads (Deoptimize)
Event: 1.005 Executing VM operation: HandshakeAllThreads (Deoptimize) done
Event: 1.147 Executing VM operation: HandshakeAllThreads (Deoptimize)
Event: 1.147 Executing VM operation: HandshakeAllThreads (Deoptimize) done
Event: 1.174 Executing VM operation: ICBufferFull
Event: 1.175 Executing VM operation: ICBufferFull done
Event: 1.183 Executing VM operation: HandshakeAllThreads (Deoptimize)
Event: 1.183 Executing VM operation: HandshakeAllThreads (Deoptimize) done
Event: 1.222 Executing VM operation: HandshakeAllThreads (Deoptimize)
Event: 1.222 Executing VM operation: HandshakeAllThreads (Deoptimize) done
Event: 1.257 Executing VM operation: HandshakeAllThreads (Deoptimize)
Event: 1.257 Executing VM operation: HandshakeAllThreads (Deoptimize) done
Event: 1.284 Executing VM operation: G1CollectForAllocation (G1 Evacuation Pause)
Event: 1.290 Executing VM operation: G1CollectForAllocation (G1 Evacuation Pause) done

Events (16 events):
Event: 0.044 Thread 0x000001bf69937ba0 Thread added: 0x000001bf69937ba0
Event: 0.055 Thread 0x000001bf78a08e80 Thread added: 0x000001bf78a08e80
Event: 0.055 Thread 0x000001bf78a17160 Thread added: 0x000001bf78a17160
Event: 0.056 Thread 0x000001bf78a20b10 Thread added: 0x000001bf78a20b10
Event: 0.056 Thread 0x000001bf78a21720 Thread added: 0x000001bf78a21720
Event: 0.056 Thread 0x000001bf78a22920 Thread added: 0x000001bf78a22920
Event: 0.056 Thread 0x000001bf78a23e80 Thread added: 0x000001bf78a23e80
Event: 0.056 Thread 0x000001bf78a25560 Thread added: 0x000001bf78a25560
Event: 0.056 Thread 0x000001bf78a35e20 Thread added: 0x000001bf78a35e20
Event: 0.139 Thread 0x000001bf54235be0 Thread added: 0x000001bf54235be0
Event: 0.141 Thread 0x000001bf5425d650 Thread added: 0x000001bf5425d650
Event: 0.159 Thread 0x000001bf78a364f0 Thread added: 0x000001bf78a364f0
Event: 0.825 Thread 0x000001bf54f78340 Thread added: 0x000001bf54f78340
Event: 1.276 Thread 0x000001bf55a35bb0 Thread added: 0x000001bf55a35bb0
Event: 1.297 Thread 0x000001bf54f78340 Thread exited: 0x000001bf54f78340
Event: 1.304 Thread 0x000001bf55a35bb0 Thread exited: 0x000001bf55a35bb0


Dynamic libraries:
0x00007ff702b00000 - 0x00007ff702b10000 	C:\Program Files\Java\jdk-22\bin\javaw.exe
0x00007ffb3db60000 - 0x00007ffb3dd50000 	C:\Windows\SYSTEM32\ntdll.dll
0x00007ffb3d0f0000 - 0x00007ffb3d1a2000 	C:\Windows\System32\KERNEL32.DLL
0x00007ffb3b660000 - 0x00007ffb3b903000 	C:\Windows\System32\KERNELBASE.dll
0x00007ffb3ac10000 - 0x00007ffb3ad0a000 	C:\Windows\System32\ucrtbase.dll
0x00007ffb30710000 - 0x00007ffb3072b000 	C:\Program Files\Java\jdk-22\bin\VCRUNTIME140.dll
0x00007ffb33710000 - 0x00007ffb33727000 	C:\Program Files\Java\jdk-22\bin\jli.dll
0x00007ffb3c550000 - 0x00007ffb3c5f3000 	C:\Windows\System32\ADVAPI32.dll
0x00007ffb3c730000 - 0x00007ffb3c7ce000 	C:\Windows\System32\msvcrt.dll
0x00007ffb3d340000 - 0x00007ffb3d3d7000 	C:\Windows\System32\sechost.dll
0x00007ffb3c110000 - 0x00007ffb3c230000 	C:\Windows\System32\RPCRT4.dll
0x00007ffb3d3e0000 - 0x00007ffb3d574000 	C:\Windows\System32\USER32.dll
0x00007ffb3b630000 - 0x00007ffb3b651000 	C:\Windows\System32\win32u.dll
0x00007ffb3c690000 - 0x00007ffb3c6b6000 	C:\Windows\System32\GDI32.dll
0x00007ffb3ad10000 - 0x00007ffb3aea4000 	C:\Windows\System32\gdi32full.dll
0x00007ffb3bb70000 - 0x00007ffb3bc0e000 	C:\Windows\System32\msvcp_win.dll
0x00007ffb2e080000 - 0x00007ffb2e305000 	C:\Windows\WinSxS\amd64_microsoft.windows.common-controls_6595b64144ccf1df_6.0.18362.592_none_e6c0b1911312be02\COMCTL32.dll
0x00007ffb2e400000 - 0x00007ffb2e40a000 	C:\Windows\SYSTEM32\VERSION.dll
0x00007ffb3bcd0000 - 0x00007ffb3c006000 	C:\Windows\System32\combase.dll
0x00007ffb3aaf0000 - 0x00007ffb3ab70000 	C:\Windows\System32\bcryptPrimitives.dll
0x00007ffb3d2f0000 - 0x00007ffb3d31e000 	C:\Windows\System32\IMM32.DLL
0x00007ffb30860000 - 0x00007ffb3086c000 	C:\Program Files\Java\jdk-22\bin\vcruntime140_1.dll
0x00007ffb22d00000 - 0x00007ffb22d8e000 	C:\Program Files\Java\jdk-22\bin\msvcp140.dll
0x00007ffaf6650000 - 0x00007ffaf7398000 	C:\Program Files\Java\jdk-22\bin\server\jvm.dll
0x00007ffb3aa40000 - 0x00007ffb3aa8a000 	C:\Windows\System32\POWRPROF.dll
0x00007ffb3aa30000 - 0x00007ffb3aa40000 	C:\Windows\System32\UMPDC.dll
0x00007ffb3c620000 - 0x00007ffb3c68f000 	C:\Windows\System32\WS2_32.dll
0x00007ffb38ad0000 - 0x00007ffb38af4000 	C:\Windows\SYSTEM32\WINMM.dll
0x00007ffb38a70000 - 0x00007ffb38a9d000 	C:\Windows\SYSTEM32\WINMMBASE.dll
0x00007ffb3abc0000 - 0x00007ffb3ac0a000 	C:\Windows\System32\cfgmgr32.dll
0x00007ffb3aa90000 - 0x00007ffb3aaa1000 	C:\Windows\System32\kernel.appcore.dll
0x00007ffb30780000 - 0x00007ffb3078a000 	C:\Program Files\Java\jdk-22\bin\jimage.dll
0x00007ffb27930000 - 0x00007ffb27b24000 	C:\Windows\SYSTEM32\DBGHELP.DLL
0x00007ffb27820000 - 0x00007ffb2784a000 	C:\Windows\SYSTEM32\dbgcore.DLL
0x00007ffb2c760000 - 0x00007ffb2c77e000 	C:\Program Files\Java\jdk-22\bin\java.dll
0x00007ffb3ca00000 - 0x00007ffb3d0e5000 	C:\Windows\System32\SHELL32.dll
0x00007ffb3c4a0000 - 0x00007ffb3c549000 	C:\Windows\System32\shcore.dll
0x00007ffb3aeb0000 - 0x00007ffb3b62f000 	C:\Windows\System32\windows.storage.dll
0x00007ffb3aad0000 - 0x00007ffb3aaef000 	C:\Windows\System32\profapi.dll
0x00007ffb3bc70000 - 0x00007ffb3bcc2000 	C:\Windows\System32\shlwapi.dll
0x00007ffb3ab70000 - 0x00007ffb3ab87000 	C:\Windows\System32\cryptsp.dll
0x00007ffb3c8a0000 - 0x00007ffb3c9f6000 	C:\Windows\System32\ole32.dll
0x00007ffb0e6c0000 - 0x00007ffb0e797000 	C:\Program Files\Java\jdk-22\bin\jsvml.dll
0x00007ffb30760000 - 0x00007ffb30770000 	C:\Program Files\Java\jdk-22\bin\net.dll
0x00007ffb3a250000 - 0x00007ffb3a2b7000 	C:\Windows\system32\mswsock.dll
0x00007ffb2c740000 - 0x00007ffb2c756000 	C:\Program Files\Java\jdk-22\bin\nio.dll
0x00007ffb2c670000 - 0x00007ffb2c687000 	C:\Program Files\Java\jdk-22\bin\zip.dll
0x00007ffb306e0000 - 0x00007ffb306eb000 	C:\Program Files\Java\jdk-22\bin\le.dll
0x00007ffb30690000 - 0x00007ffb3069e000 	C:\Program Files\Java\jdk-22\bin\sunmscapi.dll
0x00007ffb3ba20000 - 0x00007ffb3bb69000 	C:\Windows\System32\CRYPT32.dll
0x00007ffb3aab0000 - 0x00007ffb3aac2000 	C:\Windows\System32\MSASN1.dll
0x00007ffb3a500000 - 0x00007ffb3a526000 	C:\Windows\SYSTEM32\ncrypt.dll
0x00007ffb3ab90000 - 0x00007ffb3abb6000 	C:\Windows\System32\bcrypt.dll
0x00007ffb3a4c0000 - 0x00007ffb3a4fb000 	C:\Windows\SYSTEM32\NTASN1.dll

dbghelp: loaded successfully - version: 4.0.5 - missing functions: none
symbol engine: initialized successfully - sym options: 0x614 - pdb path: .;C:\Program Files\Java\jdk-22\bin;C:\Windows\SYSTEM32;C:\Windows\WinSxS\amd64_microsoft.windows.common-controls_6595b64144ccf1df_6.0.18362.592_none_e6c0b1911312be02;C:\Program Files\Java\jdk-22\bin\server

VM Arguments:
jvm_args: -Dfile.encoding=UTF-8 -Dstdout.encoding=UTF-8 -Dstderr.encoding=UTF-8 -XX:+ShowCodeDetailsInExceptionMessages 
java_command: br.com.literalura.principal.LiteraluraApplication
java_class_path (initial): W:\wamp\www\gos\JavaChallengeLiteralura\literalura\target\classes;C:\Users\SENAC\.m2\repository\org\springframework\boot\spring-boot-starter-data-jpa\3.3.1\spring-boot-starter-data-jpa-3.3.1.jar;C:\Users\SENAC\.m2\repository\org\springframework\boot\spring-boot-starter-aop\3.3.1\spring-boot-starter-aop-3.3.1.jar;C:\Users\SENAC\.m2\repository\org\aspectj\aspectjweaver\1.9.22\aspectjweaver-1.9.22.jar;C:\Users\SENAC\.m2\repository\org\springframework\boot\spring-boot-starter-jdbc\3.3.1\spring-boot-starter-jdbc-3.3.1.jar;C:\Users\SENAC\.m2\repository\com\zaxxer\HikariCP\5.1.0\HikariCP-5.1.0.jar;C:\Users\SENAC\.m2\repository\org\hibernate\orm\hibernate-core\6.5.2.Final\hibernate-core-6.5.2.Final.jar;C:\Users\SENAC\.m2\repository\jakarta\persistence\jakarta.persistence-api\3.1.0\jakarta.persistence-api-3.1.0.jar;C:\Users\SENAC\.m2\repository\jakarta\transaction\jakarta.transaction-api\2.0.1\jakarta.transaction-api-2.0.1.jar;C:\Users\SENAC\.m2\repository\org\jboss\logging\jboss-logging\3.5.3.Final\jboss-logging-3.5.3.Final.jar;C:\Users\SENAC\.m2\repository\org\hibernate\common\hibernate-commons-annotations\6.0.6.Final\hibernate-commons-annotations-6.0.6.Final.jar;C:\Users\SENAC\.m2\repository\io\smallrye\jandex\3.1.2\jandex-3.1.2.jar;C:\Users\SENAC\.m2\repository\com\fasterxml\classmate\1.7.0\classmate-1.7.0.jar;C:\Users\SENAC\.m2\repository\net\bytebuddy\byte-buddy\1.14.17\byte-buddy-1.14.17.jar;C:\Users\SENAC\.m2\repository\org\glassfish\jaxb\jaxb-runtime\4.0.5\jaxb-runtime-4.0.5.jar;C:\Users\SENAC\.m2\repository\org\glassfish\jaxb\jaxb-core\4.0.5\jaxb-core-4.0.5.jar;C:\Users\SENAC\.m2\repository\org\eclipse\angus\angus-activation\2.0.2\angus-activation-2.0.2.jar;C:\Users\SENAC\.m2\repository\org\glassfish\jaxb\txw2\4.0.5\txw2-4.0.5.jar;C:\Users\SENAC\.m2\repository\com\sun\istack\istack-commons-runtime\4.1.2\istack-commons-runtime-4.1.2.jar;C:\Users\SENAC\.m2\repository\jakarta\inject\jakarta.inject-api\2.0.1\jakarta.inject-api-2.0.1.jar;C:\Users\SENAC\.m2\repository\org\antlr\antlr4-runtime\4.13.0\antlr4-runtime-4.13.0.jar;C:\Users\SENAC\.m2\repository\org\springframework\data\spring-data-jpa\3.3.1\spring-data-jpa-3.3.1.jar;C:\Users\SENAC\.m2\repository\org\springframework\spring-orm\6.1.10\spring-orm-6.1.10.jar;C:\Users\SENAC\.m2\repository\jakarta\annotation\jakarta.annotation-api\2.1.1\jakarta.annotation-api-2.1.1.jar;C:\Users\SENAC\.m2\repository\org\springframework\spring-aspects\6.1.10\spring-aspects-6.1.10.jar;C:\Users\SENAC\.m2\repository\org\springframework\boot\spring-boot-starter\3.3.1\spring-boot-starter-3.3.1.jar;C:\Users\SENAC\.m2\repository\org\springframework\boot\spring-boot\3.3.1\spring-boot-3.3.1.jar;C:\Users\SENAC\.m2\repository\org\springframework\boot\spring-boot-autoconfigure\3.3.1\spring-boot-autoconfigure-3.3.1.jar;C:\Users\SENAC\.m2\repository\org\springframework\boot\spring-boot-starter-logging\3.3.1\spring-boot-starter-logging-3.3.1.jar;C:\Users\SENAC\.m2\repository\ch\qos\logback\logback-classic\1.5.6\logback-classic-1.5.6.jar;C:\Users\SENAC\.m2\repository\ch\qos\logback\logback-core\1.5.6\logback-core-1.5.6.jar;C:\Users\SENAC\.m2\repository\org\apache\logging\log4j\log4j-to-slf4j\2.23.1\log4j-to-slf4j-2.23.1.jar;C:\Users\SENAC\.m2\repository\org\apache\logging\log4j\log4j-api\2.23.1\log4j-api-2.23.1.jar;C:\Users\SENAC\.m2\repository\org\slf4j\jul-to-slf4j\2.0.13\jul-to-slf4j-2.0.13.jar;C:\Users\SENAC\.m2\repository\org\yaml\snakeyaml\2.2\snakeyaml-2.2.jar;C:\Users\SENAC\.m2\repository\jakarta\xml\bind\jakarta.xml.bind-api\4.0.2\jakarta.xml.bind-api-4.0.2.jar;C:\Users\SENAC\.m2\repository\jakarta\activation\jakarta.activation-api\2.1.3\jakarta.activation-api-2.1.3.jar;C:\Users\SENAC\.m2\repository\org\springframework\boot\spring-boot-starter-web\3.3.1\spring-boot-starter-web-3.3.1.jar;C:\Users\SENAC\.m2\repository\org\springframework\boot\spring-boot-starter-json\3.3.1\spring-boot-starter-json-3.3.1.jar;C:\Users\SENAC\.m2\repository\com\fasterxml\jackson\core\jackson-databind\2.17.1\jackson-databind-2.17.1.jar;C:\Users\SENAC\.m2\repository\com\fasterxml\jackson\core\jackson-annotations\2.17.1\jackson-annotations-2.17.1.jar;C:\Users\SENAC\.m2\repository\com\fasterxml\jackson\core\jackson-core\2.17.1\jackson-core-2.17.1.jar;C:\Users\SENAC\.m2\repository\com\fasterxml\jackson\datatype\jackson-datatype-jdk8\2.17.1\jackson-datatype-jdk8-2.17.1.jar;C:\Users\SENAC\.m2\repository\com\fasterxml\jackson\datatype\jackson-datatype-jsr310\2.17.1\jackson-datatype-jsr310-2.17.1.jar;C:\Users\SENAC\.m2\repository\com\fasterxml\jackson\module\jackson-module-parameter-names\2.17.1\jackson-module-parameter-names-2.17.1.jar;C:\Users\SENAC\.m2\repository\org\springframework\boot\spring-boot-starter-tomcat\3.3.1\spring-boot-starter-tomcat-3.3.1.jar;C:\Users\SENAC\.m2\repository\org\apache\tomcat\embed\tomcat-embed-core\10.1.25\tomcat-embed-core-10.1.25.jar;C:\Users\SENAC\.m2\repository\org\apache\tomcat\embed\tomcat-embed-el\10.1.25\tomcat-embed-el-10.1.25.jar;C:\Users\SENAC\.m2\repository\org\apache\tomcat\embed\tomcat-embed-websocket\10.1.25\tomcat-embed-websocket-10.1.25.jar;C:\Users\SENAC\.m2\repository\org\springframework\spring-web\6.1.10\spring-web-6.1.10.jar;C:\Users\SENAC\.m2\repository\io\micrometer\micrometer-observation\1.13.1\micrometer-observation-1.13.1.jar;C:\Users\SENAC\.m2\repository\io\micrometer\micrometer-commons\1.13.1\micrometer-commons-1.13.1.jar;C:\Users\SENAC\.m2\repository\org\springframework\spring-webmvc\6.1.10\spring-webmvc-6.1.10.jar;C:\Users\SENAC\.m2\repository\org\springframework\boot\spring-boot-starter-data-jdbc\3.3.1\spring-boot-starter-data-jdbc-3.3.1.jar;C:\Users\SENAC\.m2\repository\com\mysql\mysql-connector-j\8.3.0\mysql-connector-j-8.3.0.jar;C:\Users\SENAC\.m2\repository\org\springframework\data\spring-data-jdbc\3.3.1\spring-data-jdbc-3.3.1.jar;C:\Users\SENAC\.m2\repository\org\springframework\data\spring-data-relational\3.3.1\spring-data-relational-3.3.1.jar;C:\Users\SENAC\.m2\repository\org\springframework\data\spring-data-commons\3.3.1\spring-data-commons-3.3.1.jar;C:\Users\SENAC\.m2\repository\org\springframework\spring-tx\6.1.10\spring-tx-6.1.10.jar;C:\Users\SENAC\.m2\repository\org\springframework\spring-context\6.1.10\spring-context-6.1.10.jar;C:\Users\SENAC\.m2\repository\org\springframework\spring-jdbc\6.1.10\spring-jdbc-6.1.10.jar;C:\Users\SENAC\.m2\repository\org\slf4j\slf4j-api\2.0.13\slf4j-api-2.0.13.jar;C:\Users\SENAC\.m2\repository\com\google\code\gson\gson\2.10.1\gson-2.10.1.jar;C:\Users\SENAC\.m2\repository\org\springframework\spring-context-support\6.1.10\spring-context-support-6.1.10.jar;C:\Users\SENAC\.m2\repository\org\springframework\spring-aop\6.1.10\spring-aop-6.1.10.jar;C:\Users\SENAC\.m2\repository\org\springframework\spring-beans\6.1.10\spring-beans-6.1.10.jar;C:\Users\SENAC\.m2\repository\org\springframework\spring-core\6.1.10\spring-core-6.1.10.jar;C:\Users\SENAC\.m2\repository\org\springframework\spring-jcl\6.1.10\spring-jcl-6.1.10.jar;C:\Users\SENAC\.m2\repository\org\springframework\spring-expression\6.1.10\spring-expression-6.1.10.jar
Launcher Type: SUN_STANDARD

[Global flags]
     intx CICompilerCount                          = 3                                         {product} {ergonomic}
     uint ConcGCThreads                            = 1                                         {product} {ergonomic}
     uint G1ConcRefinementThreads                  = 4                                         {product} {ergonomic}
   size_t G1HeapRegionSize                         = 1048576                                   {product} {ergonomic}
   size_t InitialHeapSize                          = 134217728                                 {product} {ergonomic}
   size_t MarkStackSize                            = 4194304                                   {product} {ergonomic}
   size_t MaxHeapSize                              = 2124414976                                {product} {ergonomic}
   size_t MaxNewSize                               = 1274019840                                {product} {ergonomic}
   size_t MinHeapDeltaBytes                        = 1048576                                   {product} {ergonomic}
   size_t MinHeapSize                              = 8388608                                   {product} {ergonomic}
    uintx NonNMethodCodeHeapSize                   = 5832780                                {pd product} {ergonomic}
    uintx NonProfiledCodeHeapSize                  = 122912730                              {pd product} {ergonomic}
    uintx ProfiledCodeHeapSize                     = 122912730                              {pd product} {ergonomic}
    uintx ReservedCodeCacheSize                    = 251658240                              {pd product} {ergonomic}
     bool SegmentedCodeCache                       = true                                      {product} {ergonomic}
     bool ShowCodeDetailsInExceptionMessages       = true                                   {manageable} {command line}
   size_t SoftMaxHeapSize                          = 2124414976                             {manageable} {ergonomic}
     bool UseCompressedOops                        = true                           {product lp64_product} {ergonomic}
     bool UseG1GC                                  = true                                      {product} {ergonomic}
     bool UseLargePagesIndividualAllocation        = false                                  {pd product} {ergonomic}

Logging:
Log output configuration:
 #0: stdout all=warning uptime,level,tags foldmultilines=false
 #1: stderr all=off uptime,level,tags foldmultilines=false

Environment Variables:
JAVA_HOME=C:\Program Files\Java\jdk-11.0.6\
CLASSPATH=E:\senac\users\Professor Golbery\GibenProject\MySQLServer\mysql-8.4.0\bin\bin
PATH=C:/Users/SENAC/.p2/pool/plugins/org.eclipse.justj.openjdk.hotspot.jre.full.win32.x86_64_22.0.1.v20240426-1149/jre/bin/server;C:/Users/SENAC/.p2/pool/plugins/org.eclipse.justj.openjdk.hotspot.jre.full.win32.x86_64_22.0.1.v20240426-1149/jre/bin;C:\Program Files (x86)\Common Files\Intel\Shared Files\cpp\bin\Intel64;C:\Windows\system32;C:\Windows;C:\Windows\System32\Wbem;C:\Windows\System32\WindowsPowerShell\v1.0\;C:\Windows\System32\OpenSSH\;C:\Program Files\Microsoft SQL Server\120\Tools\Binn\;C:\Program Files\Common Files\Autodesk Shared\;C:\Program Files\Java\jdk-11.0.6\\bin;C:\Program Files\nodejs\;C:\Program Files\Git\cmd;E:\senac\users\Professor Golbery\GibenProject\MySQLServer\mysql-8.4.0\bin\bin;C:\Users\SENAC\AppData\Local\Programs\Python\Python38\Scripts\;C:\Users\SENAC\AppData\Local\Programs\Python\Python38\;C:\Users\SENAC\AppData\Local\Microsoft\WindowsApps;C:\Users\SENAC\AppData\Roaming\npm;C:\Users\SENAC\AppData\Local\Programs\Microsoft VS Code\bin;C:\Program Files\JetBrains\IntelliJ IDEA 2024.1\bin;;E:\senac\users\Professor Golbery\GibenProject\MySQLServer\mysql-8.4.0\bin\bin;;C:\Users\SENAC\Desktop;
USERNAME=SENAC
OS=Windows_NT
PROCESSOR_IDENTIFIER=Intel64 Family 6 Model 60 Stepping 3, GenuineIntel
TMP=C:\Users\SENAC\AppData\Local\Temp
TEMP=C:\Users\SENAC\AppData\Local\Temp




Periodic native trim disabled

---------------  S Y S T E M  ---------------

OS:
 Windows 10 , 64 bit Build 18362 (10.0.18362.329)
OS uptime: 0 days 3:59 hours
Hyper-V role detected

CPU: total 4 (initial active 4) (4 cores per cpu, 1 threads per core) family 6 model 60 stepping 3 microcode 0x25, cx8, cmov, fxsr, mmx, sse, sse2, sse3, ssse3, sse4.1, sse4.2, popcnt, lzcnt, tsc, tscinvbit, avx, avx2, aes, erms, clmul, bmi1, bmi2, fma, vzeroupper, clflush, hv, rdtscp, f16c
Processor Information for all 4 processors :
  Max Mhz: 3001, Current Mhz: 3001, Mhz Limit: 3001

Memory: 4k page, system-wide physical 8098M (468M free)
TotalPageFile size 8098M (AvailPageFile size 5M)
current process WorkingSet (physical memory assigned to process): 131M, peak: 131M
current process commit charge ("private bytes"): 246M, peak: 247M

vm_info: Java HotSpot(TM) 64-Bit Server VM (22+36-2370) for windows-amd64 JRE (22+36-2370), built on 2024-02-15T22:15:19Z by "mach5one" with MS VC++ 17.6 (VS2022)

END.
